{"/Users/dgigon/CodexProjects/osgi-configurations-manager-snapshot/src/javascript/osgiConfigManager/App/api/osgiService.ts": {"path":"/Users/dgigon/CodexProjects/osgi-configurations-manager-snapshot/src/javascript/osgiConfigManager/App/api/osgiService.ts","statementMap":{"0":{"start":{"line":89,"column":15},"end":{"line":89,"column":154}},"1":{"start":{"line":91,"column":23},"end":{"line":104,"column":2}},"2":{"start":{"line":91,"column":43},"end":{"line":104,"column":2}},"3":{"start":{"line":94,"column":10},"end":{"line":94,"column":81}},"4":{"start":{"line":95,"column":8},"end":{"line":95,"column":9}},"5":{"start":{"line":96,"column":12},"end":{"line":96,"column":18}},"6":{"start":{"line":97,"column":24},"end":{"line":97,"column":null}},"7":{"start":{"line":97,"column":18},"end":{"line":97,"column":null}},"8":{"start":{"line":98,"column":12},"end":{"line":98,"column":57}},"9":{"start":{"line":100,"column":21},"end":{"line":100,"column":null}},"10":{"start":{"line":100,"column":14},"end":{"line":100,"column":null}},"11":{"start":{"line":101,"column":8},"end":{"line":101,"column":48}},"12":{"start":{"line":103,"column":4},"end":{"line":103,"column":22}},"13":{"start":{"line":106,"column":13},"end":{"line":200,"column":2}},"14":{"start":{"line":109,"column":19},"end":{"line":109,"column":40}},"15":{"start":{"line":109,"column":40},"end":{"line":109,"column":null}},"16":{"start":{"line":110,"column":12},"end":{"line":110,"column":25}},"17":{"start":{"line":111,"column":8},"end":{"line":113,"column":9}},"18":{"start":{"line":112,"column":12},"end":{"line":112,"column":59}},"19":{"start":{"line":114,"column":15},"end":{"line":114,"column":30}},"20":{"start":{"line":114,"column":30},"end":{"line":114,"column":47}},"21":{"start":{"line":114,"column":8},"end":{"line":114,"column":48}},"22":{"start":{"line":117,"column":33},"end":{"line":119,"column":null}},"23":{"start":{"line":118,"column":15},"end":{"line":118,"column":30}},"24":{"start":{"line":118,"column":30},"end":{"line":118,"column":96}},"25":{"start":{"line":118,"column":8},"end":{"line":118,"column":97}},"26":{"start":{"line":121,"column":27},"end":{"line":123,"column":null}},"27":{"start":{"line":122,"column":15},"end":{"line":122,"column":30}},"28":{"start":{"line":122,"column":30},"end":{"line":122,"column":81}},"29":{"start":{"line":122,"column":8},"end":{"line":122,"column":82}},"30":{"start":{"line":125,"column":37},"end":{"line":131,"column":null}},"31":{"start":{"line":126,"column":15},"end":{"line":126,"column":30}},"32":{"start":{"line":126,"column":30},"end":{"line":130,"column":11}},"33":{"start":{"line":126,"column":8},"end":{"line":130,"column":12}},"34":{"start":{"line":133,"column":35},"end":{"line":139,"column":null}},"35":{"start":{"line":134,"column":15},"end":{"line":134,"column":30}},"36":{"start":{"line":134,"column":30},"end":{"line":138,"column":11}},"37":{"start":{"line":134,"column":8},"end":{"line":138,"column":12}},"38":{"start":{"line":141,"column":42},"end":{"line":147,"column":null}},"39":{"start":{"line":142,"column":15},"end":{"line":142,"column":30}},"40":{"start":{"line":142,"column":30},"end":{"line":146,"column":11}},"41":{"start":{"line":142,"column":8},"end":{"line":146,"column":12}},"42":{"start":{"line":149,"column":35},"end":{"line":155,"column":null}},"43":{"start":{"line":150,"column":15},"end":{"line":150,"column":30}},"44":{"start":{"line":150,"column":30},"end":{"line":154,"column":11}},"45":{"start":{"line":150,"column":8},"end":{"line":154,"column":12}},"46":{"start":{"line":157,"column":35},"end":{"line":163,"column":null}},"47":{"start":{"line":158,"column":15},"end":{"line":158,"column":30}},"48":{"start":{"line":158,"column":30},"end":{"line":162,"column":11}},"49":{"start":{"line":158,"column":8},"end":{"line":162,"column":12}},"50":{"start":{"line":165,"column":71},"end":{"line":171,"column":null}},"51":{"start":{"line":166,"column":15},"end":{"line":166,"column":30}},"52":{"start":{"line":166,"column":30},"end":{"line":170,"column":11}},"53":{"start":{"line":166,"column":8},"end":{"line":170,"column":12}},"54":{"start":{"line":173,"column":33},"end":{"line":179,"column":null}},"55":{"start":{"line":174,"column":15},"end":{"line":174,"column":30}},"56":{"start":{"line":174,"column":30},"end":{"line":178,"column":11}},"57":{"start":{"line":174,"column":8},"end":{"line":178,"column":12}},"58":{"start":{"line":181,"column":33},"end":{"line":187,"column":null}},"59":{"start":{"line":182,"column":15},"end":{"line":182,"column":30}},"60":{"start":{"line":182,"column":30},"end":{"line":186,"column":11}},"61":{"start":{"line":182,"column":8},"end":{"line":186,"column":12}},"62":{"start":{"line":189,"column":37},"end":{"line":191,"column":null}},"63":{"start":{"line":190,"column":15},"end":{"line":190,"column":30}},"64":{"start":{"line":190,"column":30},"end":{"line":190,"column":107}},"65":{"start":{"line":190,"column":8},"end":{"line":190,"column":108}},"66":{"start":{"line":193,"column":52},"end":{"line":199,"column":null}},"67":{"start":{"line":194,"column":15},"end":{"line":194,"column":30}},"68":{"start":{"line":194,"column":30},"end":{"line":198,"column":11}},"69":{"start":{"line":194,"column":8},"end":{"line":198,"column":12}}},"fnMap":{"0":{"name":"(anonymous_14)","decl":{"start":{"line":91,"column":23},"end":{"line":91,"column":30}},"loc":{"start":{"line":91,"column":43},"end":{"line":104,"column":2}}},"1":{"name":"(anonymous_15)","decl":{"start":{"line":91,"column":43},"end":{"line":91,"column":null}},"loc":{"start":{"line":91,"column":43},"end":{"line":104,"column":2}}},"2":{"name":"(anonymous_17)","decl":{"start":{"line":109,"column":12},"end":{"line":109,"column":19}},"loc":{"start":{"line":109,"column":12},"end":{"line":115,"column":null}}},"3":{"name":"(anonymous_20)","decl":{"start":{"line":117,"column":10},"end":{"line":117,"column":17}},"loc":{"start":{"line":117,"column":33},"end":{"line":119,"column":null}}},"4":{"name":"(anonymous_21)","decl":{"start":{"line":117,"column":33},"end":{"line":117,"column":null}},"loc":{"start":{"line":117,"column":33},"end":{"line":119,"column":null}}},"5":{"name":"(anonymous_23)","decl":{"start":{"line":121,"column":27},"end":{"line":121,"column":null}},"loc":{"start":{"line":121,"column":27},"end":{"line":123,"column":null}}},"6":{"name":"(anonymous_26)","decl":{"start":{"line":125,"column":10},"end":{"line":125,"column":17}},"loc":{"start":{"line":125,"column":37},"end":{"line":131,"column":null}}},"7":{"name":"(anonymous_27)","decl":{"start":{"line":125,"column":37},"end":{"line":125,"column":null}},"loc":{"start":{"line":125,"column":37},"end":{"line":131,"column":null}}},"8":{"name":"(anonymous_29)","decl":{"start":{"line":133,"column":12},"end":{"line":133,"column":19}},"loc":{"start":{"line":133,"column":35},"end":{"line":139,"column":null}}},"9":{"name":"(anonymous_30)","decl":{"start":{"line":133,"column":35},"end":{"line":133,"column":null}},"loc":{"start":{"line":133,"column":35},"end":{"line":139,"column":null}}},"10":{"name":"(anonymous_32)","decl":{"start":{"line":141,"column":19},"end":{"line":141,"column":26}},"loc":{"start":{"line":141,"column":42},"end":{"line":147,"column":null}}},"11":{"name":"(anonymous_33)","decl":{"start":{"line":141,"column":42},"end":{"line":141,"column":null}},"loc":{"start":{"line":141,"column":42},"end":{"line":147,"column":null}}},"12":{"name":"(anonymous_35)","decl":{"start":{"line":149,"column":12},"end":{"line":149,"column":19}},"loc":{"start":{"line":149,"column":35},"end":{"line":155,"column":null}}},"13":{"name":"(anonymous_36)","decl":{"start":{"line":149,"column":35},"end":{"line":149,"column":null}},"loc":{"start":{"line":149,"column":35},"end":{"line":155,"column":null}}},"14":{"name":"(anonymous_38)","decl":{"start":{"line":157,"column":12},"end":{"line":157,"column":19}},"loc":{"start":{"line":157,"column":35},"end":{"line":163,"column":null}}},"15":{"name":"(anonymous_39)","decl":{"start":{"line":157,"column":35},"end":{"line":157,"column":null}},"loc":{"start":{"line":157,"column":35},"end":{"line":163,"column":null}}},"16":{"name":"(anonymous_41)","decl":{"start":{"line":165,"column":24},"end":{"line":165,"column":31}},"loc":{"start":{"line":165,"column":71},"end":{"line":171,"column":null}}},"17":{"name":"(anonymous_42)","decl":{"start":{"line":165,"column":71},"end":{"line":165,"column":null}},"loc":{"start":{"line":165,"column":71},"end":{"line":171,"column":null}}},"18":{"name":"(anonymous_44)","decl":{"start":{"line":173,"column":13},"end":{"line":173,"column":20}},"loc":{"start":{"line":173,"column":33},"end":{"line":179,"column":null}}},"19":{"name":"(anonymous_45)","decl":{"start":{"line":173,"column":33},"end":{"line":173,"column":null}},"loc":{"start":{"line":173,"column":33},"end":{"line":179,"column":null}}},"20":{"name":"(anonymous_47)","decl":{"start":{"line":181,"column":13},"end":{"line":181,"column":20}},"loc":{"start":{"line":181,"column":33},"end":{"line":187,"column":null}}},"21":{"name":"(anonymous_48)","decl":{"start":{"line":181,"column":33},"end":{"line":181,"column":null}},"loc":{"start":{"line":181,"column":33},"end":{"line":187,"column":null}}},"22":{"name":"(anonymous_50)","decl":{"start":{"line":189,"column":19},"end":{"line":189,"column":26}},"loc":{"start":{"line":189,"column":37},"end":{"line":191,"column":null}}},"23":{"name":"(anonymous_51)","decl":{"start":{"line":189,"column":37},"end":{"line":189,"column":null}},"loc":{"start":{"line":189,"column":37},"end":{"line":191,"column":null}}},"24":{"name":"(anonymous_53)","decl":{"start":{"line":193,"column":19},"end":{"line":193,"column":26}},"loc":{"start":{"line":193,"column":52},"end":{"line":199,"column":null}}},"25":{"name":"(anonymous_54)","decl":{"start":{"line":193,"column":52},"end":{"line":193,"column":null}},"loc":{"start":{"line":193,"column":52},"end":{"line":199,"column":null}}}},"branchMap":{"0":{"loc":{"start":{"line":89,"column":16},"end":{"line":89,"column":88}},"type":"cond-expr","locations":[{"start":{"line":89,"column":45},"end":{"line":89,"column":83}},{"start":{"line":89,"column":86},"end":{"line":89,"column":88}}]},"1":{"loc":{"start":{"line":100,"column":21},"end":{"line":100,"column":null}},"type":"switch","locations":[{"start":{"line":100,"column":21},"end":{"line":100,"column":null}},{"start":{"line":103,"column":4},"end":{"line":103,"column":22}}]},"2":{"loc":{"start":{"line":94,"column":19},"end":{"line":94,"column":80}},"type":"cond-expr","locations":[{"start":{"line":94,"column":50},"end":{"line":94,"column":52}},{"start":{"line":94,"column":50},"end":{"line":94,"column":80}}]},"3":{"loc":{"start":{"line":94,"column":19},"end":{"line":94,"column":52}},"type":"binary-expr","locations":[{"start":{"line":94,"column":19},"end":{"line":94,"column":52}},{"start":{"line":94,"column":50},"end":{"line":94,"column":52}}]},"4":{"loc":{"start":{"line":95,"column":8},"end":{"line":95,"column":9}},"type":"if","locations":[{"start":{"line":95,"column":8},"end":{"line":95,"column":9}}]},"5":{"loc":{"start":{"line":96,"column":12},"end":{"line":96,"column":18}},"type":"if","locations":[{"start":{"line":96,"column":12},"end":{"line":96,"column":18}}]},"6":{"loc":{"start":{"line":98,"column":28},"end":{"line":98,"column":55}},"type":"binary-expr","locations":[{"start":{"line":98,"column":28},"end":{"line":98,"column":37}},{"start":{"line":98,"column":41},"end":{"line":98,"column":55}}]},"7":{"loc":{"start":{"line":101,"column":24},"end":{"line":101,"column":46}},"type":"binary-expr","locations":[{"start":{"line":101,"column":24},"end":{"line":101,"column":28}},{"start":{"line":101,"column":32},"end":{"line":101,"column":46}}]},"8":{"loc":{"start":{"line":109,"column":19},"end":{"line":109,"column":40}},"type":"if","locations":[{"start":{"line":109,"column":19},"end":{"line":109,"column":40}}]},"9":{"loc":{"start":{"line":109,"column":40},"end":{"line":109,"column":null}},"type":"if","locations":[{"start":{"line":109,"column":40},"end":{"line":109,"column":null}}]},"10":{"loc":{"start":{"line":114,"column":8},"end":{"line":114,"column":48}},"type":"switch","locations":[{"start":{"line":114,"column":8},"end":{"line":114,"column":48}}]},"11":{"loc":{"start":{"line":111,"column":8},"end":{"line":113,"column":9}},"type":"if","locations":[{"start":{"line":111,"column":8},"end":{"line":113,"column":9}}]},"12":{"loc":{"start":{"line":111,"column":12},"end":{"line":111,"column":26}},"type":"binary-expr","locations":[{"start":{"line":111,"column":12},"end":{"line":111,"column":16}},{"start":{"line":111,"column":20},"end":{"line":111,"column":26}}]},"13":{"loc":{"start":{"line":118,"column":8},"end":{"line":118,"column":97}},"type":"switch","locations":[{"start":{"line":118,"column":8},"end":{"line":118,"column":97}}]},"14":{"loc":{"start":{"line":122,"column":8},"end":{"line":122,"column":82}},"type":"switch","locations":[{"start":{"line":122,"column":8},"end":{"line":122,"column":82}}]},"15":{"loc":{"start":{"line":126,"column":8},"end":{"line":130,"column":12}},"type":"switch","locations":[{"start":{"line":126,"column":8},"end":{"line":130,"column":12}}]},"16":{"loc":{"start":{"line":134,"column":8},"end":{"line":138,"column":12}},"type":"switch","locations":[{"start":{"line":134,"column":8},"end":{"line":138,"column":12}}]},"17":{"loc":{"start":{"line":142,"column":8},"end":{"line":146,"column":12}},"type":"switch","locations":[{"start":{"line":142,"column":8},"end":{"line":146,"column":12}}]},"18":{"loc":{"start":{"line":150,"column":8},"end":{"line":154,"column":12}},"type":"switch","locations":[{"start":{"line":150,"column":8},"end":{"line":154,"column":12}}]},"19":{"loc":{"start":{"line":158,"column":8},"end":{"line":162,"column":12}},"type":"switch","locations":[{"start":{"line":158,"column":8},"end":{"line":162,"column":12}}]},"20":{"loc":{"start":{"line":166,"column":8},"end":{"line":170,"column":12}},"type":"switch","locations":[{"start":{"line":166,"column":8},"end":{"line":170,"column":12}}]},"21":{"loc":{"start":{"line":174,"column":8},"end":{"line":178,"column":12}},"type":"switch","locations":[{"start":{"line":174,"column":8},"end":{"line":178,"column":12}}]},"22":{"loc":{"start":{"line":182,"column":8},"end":{"line":186,"column":12}},"type":"switch","locations":[{"start":{"line":182,"column":8},"end":{"line":186,"column":12}}]},"23":{"loc":{"start":{"line":190,"column":8},"end":{"line":190,"column":108}},"type":"switch","locations":[{"start":{"line":190,"column":8},"end":{"line":190,"column":108}}]},"24":{"loc":{"start":{"line":194,"column":8},"end":{"line":198,"column":12}},"type":"switch","locations":[{"start":{"line":194,"column":8},"end":{"line":198,"column":12}}]}},"s":{"0":2,"1":2,"2":5,"3":5,"4":9,"5":2,"6":0,"7":0,"8":0,"9":1,"10":1,"11":1,"12":4,"13":2,"14":5,"15":5,"16":3,"17":3,"18":1,"19":3,"20":3,"21":3,"22":1,"23":1,"24":1,"25":1,"26":0,"27":0,"28":0,"29":0,"30":1,"31":1,"32":1,"33":1,"34":0,"35":0,"36":0,"37":0,"38":0,"39":0,"40":0,"41":0,"42":0,"43":0,"44":0,"45":0,"46":0,"47":0,"48":0,"49":0,"50":0,"51":0,"52":0,"53":0,"54":0,"55":0,"56":0,"57":0,"58":0,"59":0,"60":0,"61":0,"62":0,"63":0,"64":0,"65":0,"66":0,"67":0,"68":0,"69":0},"f":{"0":5,"1":5,"2":3,"3":1,"4":1,"5":0,"6":1,"7":1,"8":0,"9":0,"10":0,"11":0,"12":0,"13":0,"14":0,"15":0,"16":0,"17":0,"18":0,"19":0,"20":0,"21":0,"22":0,"23":0,"24":0,"25":0},"b":{"0":[2,0],"1":[1,4],"2":[0,5],"3":[5,5],"4":[4],"5":[1],"6":[0,0],"7":[1,0],"8":[2],"9":[2],"10":[3],"11":[1],"12":[3,1],"13":[1],"14":[0],"15":[1],"16":[0],"17":[0],"18":[0],"19":[0],"20":[0],"21":[0],"22":[0],"23":[0],"24":[0]}}
,"/Users/dgigon/CodexProjects/osgi-configurations-manager-snapshot/src/javascript/osgiConfigManager/App/components/AppChrome.jsx": {"path":"/Users/dgigon/CodexProjects/osgi-configurations-manager-snapshot/src/javascript/osgiConfigManager/App/components/AppChrome.jsx","statementMap":{"0":{"start":{"line":5,"column":29},"end":{"line":17,"column":1}},"1":{"start":{"line":19,"column":32},"end":{"line":26,"column":1}},"2":{"start":{"line":28,"column":27},"end":{"line":33,"column":1}},"3":{"start":{"line":35,"column":34},"end":{"line":43,"column":1}},"4":{"start":{"line":45,"column":35},"end":{"line":49,"column":1}},"5":{"start":{"line":51,"column":33},"end":{"line":59,"column":1}},"6":{"start":{"line":61,"column":36},"end":{"line":69,"column":1}},"7":{"start":{"line":71,"column":38},"end":{"line":82,"column":1}},"8":{"start":{"line":84,"column":43},"end":{"line":89,"column":2}},"9":{"start":{"line":84,"column":55},"end":{"line":89,"column":1}},"10":{"start":{"line":91,"column":24},"end":{"line":107,"column":1}},"11":{"start":{"line":109,"column":28},"end":{"line":124,"column":1}},"12":{"start":{"line":110,"column":4},"end":{"line":123,"column":10}},"13":{"start":{"line":126,"column":28},"end":{"line":148,"column":1}},"14":{"start":{"line":127,"column":20},"end":{"line":127,"column":65}},"15":{"start":{"line":128,"column":17},"end":{"line":128,"column":188}},"16":{"start":{"line":130,"column":4},"end":{"line":147,"column":6}},"17":{"start":{"line":150,"column":35},"end":{"line":230,"column":1}},"18":{"start":{"line":158,"column":20},"end":{"line":158,"column":38}},"19":{"start":{"line":159,"column":50},"end":{"line":159,"column":70}},"20":{"start":{"line":161,"column":24},"end":{"line":161,"column":77}},"21":{"start":{"line":161,"column":48},"end":{"line":161,"column":72}},"22":{"start":{"line":163,"column":32},"end":{"line":185,"column":34}},"23":{"start":{"line":164,"column":8},"end":{"line":167,"column":9}},"24":{"start":{"line":165,"column":12},"end":{"line":165,"column":26}},"25":{"start":{"line":166,"column":12},"end":{"line":166,"column":19}},"26":{"start":{"line":169,"column":24},"end":{"line":169,"column":62}},"27":{"start":{"line":170,"column":8},"end":{"line":172,"column":9}},"28":{"start":{"line":171,"column":12},"end":{"line":171,"column":19}},"29":{"start":{"line":174,"column":30},"end":{"line":174,"column":118}},"30":{"start":{"line":175,"column":8},"end":{"line":178,"column":9}},"31":{"start":{"line":176,"column":12},"end":{"line":176,"column":26}},"32":{"start":{"line":177,"column":12},"end":{"line":177,"column":19}},"33":{"start":{"line":180,"column":21},"end":{"line":180,"column":52}},"34":{"start":{"line":181,"column":8},"end":{"line":184,"column":11}},"35":{"start":{"line":187,"column":4},"end":{"line":194,"column":39}},"36":{"start":{"line":188,"column":8},"end":{"line":190,"column":9}},"37":{"start":{"line":189,"column":12},"end":{"line":189,"column":29}},"38":{"start":{"line":192,"column":8},"end":{"line":192,"column":61}},"39":{"start":{"line":193,"column":8},"end":{"line":193,"column":77}},"40":{"start":{"line":193,"column":21},"end":{"line":193,"column":76}},"41":{"start":{"line":196,"column":4},"end":{"line":229,"column":6}}},"fnMap":{"0":{"name":"(anonymous_0)","decl":{"start":{"line":84,"column":43},"end":{"line":84,"column":44}},"loc":{"start":{"line":84,"column":55},"end":{"line":89,"column":1}},"line":84},"1":{"name":"(anonymous_1)","decl":{"start":{"line":109,"column":28},"end":{"line":109,"column":29}},"loc":{"start":{"line":110,"column":4},"end":{"line":123,"column":10}},"line":110},"2":{"name":"(anonymous_2)","decl":{"start":{"line":126,"column":28},"end":{"line":126,"column":29}},"loc":{"start":{"line":126,"column":66},"end":{"line":148,"column":1}},"line":126},"3":{"name":"(anonymous_3)","decl":{"start":{"line":150,"column":35},"end":{"line":150,"column":36}},"loc":{"start":{"line":157,"column":6},"end":{"line":230,"column":1}},"line":157},"4":{"name":"(anonymous_4)","decl":{"start":{"line":161,"column":42},"end":{"line":161,"column":43}},"loc":{"start":{"line":161,"column":48},"end":{"line":161,"column":72}},"line":161},"5":{"name":"(anonymous_5)","decl":{"start":{"line":163,"column":50},"end":{"line":163,"column":51}},"loc":{"start":{"line":163,"column":59},"end":{"line":185,"column":5}},"line":163},"6":{"name":"(anonymous_6)","decl":{"start":{"line":187,"column":20},"end":{"line":187,"column":21}},"loc":{"start":{"line":187,"column":26},"end":{"line":194,"column":5}},"line":187},"7":{"name":"(anonymous_7)","decl":{"start":{"line":193,"column":15},"end":{"line":193,"column":16}},"loc":{"start":{"line":193,"column":21},"end":{"line":193,"column":76}},"line":193}},"branchMap":{"0":{"loc":{"start":{"line":87,"column":21},"end":{"line":87,"column":77}},"type":"cond-expr","locations":[{"start":{"line":87,"column":31},"end":{"line":87,"column":53}},{"start":{"line":87,"column":56},"end":{"line":87,"column":77}}],"line":87},"1":{"loc":{"start":{"line":122,"column":9},"end":{"line":122,"column":65}},"type":"binary-expr","locations":[{"start":{"line":122,"column":9},"end":{"line":122,"column":14}},{"start":{"line":122,"column":18},"end":{"line":122,"column":65}}],"line":122},"2":{"loc":{"start":{"line":126,"column":30},"end":{"line":126,"column":43}},"type":"default-arg","locations":[{"start":{"line":126,"column":37},"end":{"line":126,"column":43}}],"line":126},"3":{"loc":{"start":{"line":127,"column":20},"end":{"line":127,"column":65}},"type":"binary-expr","locations":[{"start":{"line":127,"column":20},"end":{"line":127,"column":41}},{"start":{"line":127,"column":45},"end":{"line":127,"column":65}}],"line":127},"4":{"loc":{"start":{"line":128,"column":17},"end":{"line":128,"column":188}},"type":"cond-expr","locations":[{"start":{"line":128,"column":35},"end":{"line":128,"column":112}},{"start":{"line":128,"column":115},"end":{"line":128,"column":188}}],"line":128},"5":{"loc":{"start":{"line":153,"column":4},"end":{"line":153,"column":22}},"type":"default-arg","locations":[{"start":{"line":153,"column":18},"end":{"line":153,"column":22}}],"line":153},"6":{"loc":{"start":{"line":154,"column":4},"end":{"line":154,"column":24}},"type":"default-arg","locations":[{"start":{"line":154,"column":22},"end":{"line":154,"column":24}}],"line":154},"7":{"loc":{"start":{"line":155,"column":4},"end":{"line":155,"column":18}},"type":"default-arg","locations":[{"start":{"line":155,"column":16},"end":{"line":155,"column":18}}],"line":155},"8":{"loc":{"start":{"line":156,"column":4},"end":{"line":156,"column":21}},"type":"default-arg","locations":[{"start":{"line":156,"column":19},"end":{"line":156,"column":21}}],"line":156},"9":{"loc":{"start":{"line":164,"column":8},"end":{"line":167,"column":9}},"type":"if","locations":[{"start":{"line":164,"column":8},"end":{"line":167,"column":9}},{"start":{},"end":{}}],"line":164},"10":{"loc":{"start":{"line":169,"column":24},"end":{"line":169,"column":62}},"type":"binary-expr","locations":[{"start":{"line":169,"column":24},"end":{"line":169,"column":39}},{"start":{"line":169,"column":43},"end":{"line":169,"column":62}}],"line":169},"11":{"loc":{"start":{"line":170,"column":8},"end":{"line":172,"column":9}},"type":"if","locations":[{"start":{"line":170,"column":8},"end":{"line":172,"column":9}},{"start":{},"end":{}}],"line":170},"12":{"loc":{"start":{"line":174,"column":30},"end":{"line":174,"column":118}},"type":"binary-expr","locations":[{"start":{"line":174,"column":30},"end":{"line":174,"column":71}},{"start":{"line":174,"column":75},"end":{"line":174,"column":118}}],"line":174},"13":{"loc":{"start":{"line":175,"column":8},"end":{"line":178,"column":9}},"type":"if","locations":[{"start":{"line":175,"column":8},"end":{"line":178,"column":9}},{"start":{},"end":{}}],"line":175},"14":{"loc":{"start":{"line":188,"column":8},"end":{"line":190,"column":9}},"type":"if","locations":[{"start":{"line":188,"column":8},"end":{"line":190,"column":9}},{"start":{},"end":{}}],"line":188},"15":{"loc":{"start":{"line":215,"column":13},"end":{"line":227,"column":13}},"type":"binary-expr","locations":[{"start":{"line":215,"column":13},"end":{"line":215,"column":28}},{"start":{"line":215,"column":32},"end":{"line":227,"column":13}}],"line":215}},"s":{"0":1,"1":1,"2":1,"3":1,"4":1,"5":1,"6":1,"7":1,"8":1,"9":0,"10":1,"11":1,"12":0,"13":1,"14":0,"15":0,"16":0,"17":1,"18":0,"19":0,"20":0,"21":0,"22":0,"23":0,"24":0,"25":0,"26":0,"27":0,"28":0,"29":0,"30":0,"31":0,"32":0,"33":0,"34":0,"35":0,"36":0,"37":0,"38":0,"39":0,"40":0,"41":0},"f":{"0":0,"1":0,"2":0,"3":0,"4":0,"5":0,"6":0,"7":0},"b":{"0":[0,0],"1":[0,0],"2":[0],"3":[0,0],"4":[0,0],"5":[0],"6":[0],"7":[0],"8":[0],"9":[0,0],"10":[0,0],"11":[0,0],"12":[0,0],"13":[0,0],"14":[0,0],"15":[0,0]},"_coverageSchema":"1a1c01bbd47fc00a2c39e90264f33305004495a9","hash":"fdb5d3ac32858eec133139a0877c2f5b1cad8a54"}
,"/Users/dgigon/CodexProjects/osgi-configurations-manager-snapshot/src/javascript/osgiConfigManager/App/components/CfgEditor.jsx": {"path":"/Users/dgigon/CodexProjects/osgi-configurations-manager-snapshot/src/javascript/osgiConfigManager/App/components/CfgEditor.jsx","statementMap":{"0":{"start":{"line":26,"column":26},"end":{"line":33,"column":1}},"1":{"start":{"line":35,"column":32},"end":{"line":38,"column":1}},"2":{"start":{"line":40,"column":28},"end":{"line":45,"column":1}},"3":{"start":{"line":47,"column":28},"end":{"line":51,"column":1}},"4":{"start":{"line":53,"column":26},"end":{"line":61,"column":1}},"5":{"start":{"line":63,"column":24},"end":{"line":63,"column":46}},"6":{"start":{"line":65,"column":28},"end":{"line":71,"column":1}},"7":{"start":{"line":66,"column":4},"end":{"line":70,"column":10}},"8":{"start":{"line":73,"column":24},"end":{"line":150,"column":1}},"9":{"start":{"line":84,"column":4},"end":{"line":149,"column":10}},"10":{"start":{"line":152,"column":24},"end":{"line":179,"column":1}},"11":{"start":{"line":153,"column":4},"end":{"line":178,"column":12}},"12":{"start":{"line":182,"column":27},"end":{"line":246,"column":1}},"13":{"start":{"line":183,"column":24},"end":{"line":183,"column":36}},"14":{"start":{"line":185,"column":19},"end":{"line":190,"column":5}},"15":{"start":{"line":186,"column":8},"end":{"line":189,"column":9}},"16":{"start":{"line":187,"column":12},"end":{"line":187,"column":54}},"17":{"start":{"line":188,"column":12},"end":{"line":188,"column":87}},"18":{"start":{"line":192,"column":4},"end":{"line":194,"column":16}},"19":{"start":{"line":193,"column":8},"end":{"line":193,"column":17}},"20":{"start":{"line":196,"column":4},"end":{"line":200,"column":19}},"21":{"start":{"line":197,"column":8},"end":{"line":199,"column":9}},"22":{"start":{"line":198,"column":12},"end":{"line":198,"column":42}},"23":{"start":{"line":202,"column":26},"end":{"line":206,"column":5}},"24":{"start":{"line":203,"column":8},"end":{"line":205,"column":9}},"25":{"start":{"line":204,"column":12},"end":{"line":204,"column":31}},"26":{"start":{"line":208,"column":25},"end":{"line":214,"column":5}},"27":{"start":{"line":209,"column":8},"end":{"line":211,"column":9}},"28":{"start":{"line":210,"column":12},"end":{"line":210,"column":68}},"29":{"start":{"line":212,"column":8},"end":{"line":212,"column":17}},"30":{"start":{"line":213,"column":8},"end":{"line":213,"column":20}},"31":{"start":{"line":216,"column":4},"end":{"line":245,"column":6}},"32":{"start":{"line":226,"column":32},"end":{"line":226,"column":51}},"33":{"start":{"line":248,"column":25},"end":{"line":718,"column":1}},"34":{"start":{"line":265,"column":18},"end":{"line":265,"column":63}},"35":{"start":{"line":266,"column":46},"end":{"line":266,"column":60}},"36":{"start":{"line":267,"column":44},"end":{"line":267,"column":58}},"37":{"start":{"line":268,"column":34},"end":{"line":268,"column":48}},"38":{"start":{"line":269,"column":48},"end":{"line":269,"column":60}},"39":{"start":{"line":270,"column":60},"end":{"line":270,"column":75}},"40":{"start":{"line":273,"column":22},"end":{"line":273,"column":32}},"41":{"start":{"line":276,"column":24},"end":{"line":279,"column":5}},"42":{"start":{"line":277,"column":8},"end":{"line":277,"column":69}},"43":{"start":{"line":277,"column":39},"end":{"line":277,"column":69}},"44":{"start":{"line":278,"column":8},"end":{"line":278,"column":44}},"45":{"start":{"line":282,"column":29},"end":{"line":297,"column":5}},"46":{"start":{"line":283,"column":8},"end":{"line":283,"column":26}},"47":{"start":{"line":283,"column":19},"end":{"line":283,"column":26}},"48":{"start":{"line":284,"column":19},"end":{"line":284,"column":34}},"49":{"start":{"line":285,"column":21},"end":{"line":285,"column":47}},"50":{"start":{"line":287,"column":31},"end":{"line":287,"column":46}},"51":{"start":{"line":288,"column":8},"end":{"line":296,"column":9}},"52":{"start":{"line":289,"column":12},"end":{"line":295,"column":15}},"53":{"start":{"line":299,"column":25},"end":{"line":308,"column":5}},"54":{"start":{"line":300,"column":8},"end":{"line":307,"column":11}},"55":{"start":{"line":301,"column":29},"end":{"line":301,"column":63}},"56":{"start":{"line":303,"column":12},"end":{"line":305,"column":13}},"57":{"start":{"line":304,"column":16},"end":{"line":304,"column":33}},"58":{"start":{"line":306,"column":12},"end":{"line":306,"column":28}},"59":{"start":{"line":310,"column":21},"end":{"line":312,"column":5}},"60":{"start":{"line":311,"column":8},"end":{"line":311,"column":57}},"61":{"start":{"line":314,"column":24},"end":{"line":322,"column":28}},"62":{"start":{"line":315,"column":20},"end":{"line":315,"column":29}},"63":{"start":{"line":316,"column":8},"end":{"line":320,"column":11}},"64":{"start":{"line":317,"column":12},"end":{"line":319,"column":13}},"65":{"start":{"line":318,"column":16},"end":{"line":318,"column":47}},"66":{"start":{"line":321,"column":8},"end":{"line":321,"column":19}},"67":{"start":{"line":324,"column":33},"end":{"line":329,"column":17}},"68":{"start":{"line":324,"column":47},"end":{"line":329,"column":5}},"69":{"start":{"line":326,"column":29},"end":{"line":326,"column":77}},"70":{"start":{"line":327,"column":26},"end":{"line":327,"column":55}},"71":{"start":{"line":331,"column":40},"end":{"line":333,"column":50}},"72":{"start":{"line":332,"column":8},"end":{"line":332,"column":121}},"73":{"start":{"line":332,"column":66},"end":{"line":332,"column":120}},"74":{"start":{"line":335,"column":28},"end":{"line":343,"column":5}},"75":{"start":{"line":336,"column":8},"end":{"line":342,"column":16}},"76":{"start":{"line":337,"column":23},"end":{"line":337,"column":54}},"77":{"start":{"line":338,"column":12},"end":{"line":341,"column":13}},"78":{"start":{"line":339,"column":16},"end":{"line":339,"column":27}},"79":{"start":{"line":340,"column":16},"end":{"line":340,"column":75}},"80":{"start":{"line":345,"column":34},"end":{"line":370,"column":5}},"81":{"start":{"line":346,"column":8},"end":{"line":348,"column":9}},"82":{"start":{"line":347,"column":12},"end":{"line":347,"column":19}},"83":{"start":{"line":350,"column":30},"end":{"line":354,"column":10}},"84":{"start":{"line":351,"column":30},"end":{"line":351,"column":61}},"85":{"start":{"line":352,"column":29},"end":{"line":352,"column":58}},"86":{"start":{"line":353,"column":12},"end":{"line":353,"column":73}},"87":{"start":{"line":356,"column":8},"end":{"line":360,"column":9}},"88":{"start":{"line":357,"column":12},"end":{"line":357,"column":44}},"89":{"start":{"line":358,"column":12},"end":{"line":358,"column":43}},"90":{"start":{"line":359,"column":12},"end":{"line":359,"column":19}},"91":{"start":{"line":362,"column":28},"end":{"line":362,"column":118}},"92":{"start":{"line":363,"column":8},"end":{"line":367,"column":24}},"93":{"start":{"line":368,"column":8},"end":{"line":368,"column":38}},"94":{"start":{"line":369,"column":8},"end":{"line":369,"column":37}},"95":{"start":{"line":373,"column":28},"end":{"line":383,"column":5}},"96":{"start":{"line":376,"column":8},"end":{"line":379,"column":9}},"97":{"start":{"line":377,"column":12},"end":{"line":377,"column":31}},"98":{"start":{"line":378,"column":12},"end":{"line":378,"column":19}},"99":{"start":{"line":381,"column":8},"end":{"line":381,"column":31}},"100":{"start":{"line":382,"column":8},"end":{"line":382,"column":46}},"101":{"start":{"line":385,"column":27},"end":{"line":388,"column":5}},"102":{"start":{"line":386,"column":8},"end":{"line":386,"column":27}},"103":{"start":{"line":387,"column":8},"end":{"line":387,"column":43}},"104":{"start":{"line":390,"column":23},"end":{"line":396,"column":5}},"105":{"start":{"line":391,"column":8},"end":{"line":391,"column":27}},"106":{"start":{"line":392,"column":8},"end":{"line":394,"column":9}},"107":{"start":{"line":393,"column":12},"end":{"line":393,"column":51}},"108":{"start":{"line":395,"column":8},"end":{"line":395,"column":30}},"109":{"start":{"line":398,"column":27},"end":{"line":400,"column":5}},"110":{"start":{"line":399,"column":8},"end":{"line":399,"column":32}},"111":{"start":{"line":402,"column":22},"end":{"line":438,"column":5}},"112":{"start":{"line":403,"column":28},"end":{"line":403,"column":118}},"113":{"start":{"line":405,"column":8},"end":{"line":421,"column":9}},"114":{"start":{"line":406,"column":12},"end":{"line":409,"column":13}},"115":{"start":{"line":407,"column":16},"end":{"line":407,"column":46}},"116":{"start":{"line":408,"column":16},"end":{"line":408,"column":23}},"117":{"start":{"line":411,"column":12},"end":{"line":419,"column":15}},"118":{"start":{"line":416,"column":20},"end":{"line":416,"column":40}},"119":{"start":{"line":416,"column":33},"end":{"line":416,"column":40}},"120":{"start":{"line":417,"column":20},"end":{"line":417,"column":50}},"121":{"start":{"line":420,"column":12},"end":{"line":420,"column":19}},"122":{"start":{"line":424,"column":8},"end":{"line":424,"column":61}},"123":{"start":{"line":425,"column":8},"end":{"line":425,"column":38}},"124":{"start":{"line":427,"column":8},"end":{"line":437,"column":9}},"125":{"start":{"line":429,"column":12},"end":{"line":429,"column":53}},"126":{"start":{"line":429,"column":31},"end":{"line":429,"column":53}},"127":{"start":{"line":431,"column":12},"end":{"line":434,"column":20}},"128":{"start":{"line":432,"column":27},"end":{"line":432,"column":64}},"129":{"start":{"line":433,"column":16},"end":{"line":433,"column":35}},"130":{"start":{"line":433,"column":24},"end":{"line":433,"column":35}},"131":{"start":{"line":435,"column":15},"end":{"line":437,"column":9}},"132":{"start":{"line":436,"column":12},"end":{"line":436,"column":36}},"133":{"start":{"line":440,"column":29},"end":{"line":442,"column":5}},"134":{"start":{"line":441,"column":8},"end":{"line":441,"column":32}},"135":{"start":{"line":444,"column":4},"end":{"line":717,"column":6}},"136":{"start":{"line":465,"column":71},"end":{"line":465,"column":87}},"137":{"start":{"line":472,"column":41},"end":{"line":472,"column":72}},"138":{"start":{"line":474,"column":28},"end":{"line":476,"column":29}},"139":{"start":{"line":475,"column":32},"end":{"line":475,"column":44}},"140":{"start":{"line":477,"column":28},"end":{"line":479,"column":29}},"141":{"start":{"line":478,"column":32},"end":{"line":478,"column":44}},"142":{"start":{"line":480,"column":40},"end":{"line":480,"column":75}},"143":{"start":{"line":481,"column":42},"end":{"line":481,"column":81}},"144":{"start":{"line":483,"column":46},"end":{"line":483,"column":57}},"145":{"start":{"line":484,"column":48},"end":{"line":484,"column":68}},"146":{"start":{"line":485,"column":47},"end":{"line":485,"column":70}},"147":{"start":{"line":487,"column":49},"end":{"line":487,"column":133}},"148":{"start":{"line":488,"column":52},"end":{"line":488,"column":73}},"149":{"start":{"line":490,"column":45},"end":{"line":497,"column":29}},"150":{"start":{"line":499,"column":28},"end":{"line":692,"column":30}},"151":{"start":{"line":506,"column":56},"end":{"line":506,"column":81}},"152":{"start":{"line":507,"column":55},"end":{"line":507,"column":79}},"153":{"start":{"line":508,"column":51},"end":{"line":508,"column":71}},"154":{"start":{"line":509,"column":51},"end":{"line":509,"column":72}},"155":{"start":{"line":539,"column":72},"end":{"line":539,"column":103}},"156":{"start":{"line":541,"column":71},"end":{"line":541,"column":118}},"157":{"start":{"line":542,"column":71},"end":{"line":542,"column":94}},"158":{"start":{"line":571,"column":72},"end":{"line":571,"column":101}},"159":{"start":{"line":574,"column":71},"end":{"line":574,"column":109}},"160":{"start":{"line":575,"column":71},"end":{"line":575,"column":94}},"161":{"start":{"line":611,"column":73},"end":{"line":611,"column":141}},"162":{"start":{"line":612,"column":72},"end":{"line":612,"column":88}},"163":{"start":{"line":617,"column":80},"end":{"line":617,"column":99}},"164":{"start":{"line":619,"column":82},"end":{"line":619,"column":101}},"165":{"start":{"line":619,"column":102},"end":{"line":619,"column":122}},"166":{"start":{"line":623,"column":80},"end":{"line":623,"column":111}},"167":{"start":{"line":625,"column":75},"end":{"line":625,"column":106}},"168":{"start":{"line":628,"column":79},"end":{"line":628,"column":119}},"169":{"start":{"line":629,"column":79},"end":{"line":629,"column":102}},"170":{"start":{"line":637,"column":76},"end":{"line":637,"column":107}},"171":{"start":{"line":640,"column":75},"end":{"line":640,"column":115}},"172":{"start":{"line":641,"column":75},"end":{"line":641,"column":98}},"173":{"start":{"line":653,"column":82},"end":{"line":653,"column":102}},"174":{"start":{"line":653,"column":103},"end":{"line":653,"column":123}},"175":{"start":{"line":670,"column":56},"end":{"line":670,"column":117}},"176":{"start":{"line":685,"column":48},"end":{"line":685,"column":68}},"177":{"start":{"line":686,"column":48},"end":{"line":686,"column":78}},"178":{"start":{"line":704,"column":37},"end":{"line":704,"column":66}},"179":{"start":{"line":705,"column":36},"end":{"line":705,"column":73}},"180":{"start":{"line":706,"column":38},"end":{"line":706,"column":71}},"181":{"start":{"line":712,"column":31},"end":{"line":712,"column":61}},"182":{"start":{"line":713,"column":54},"end":{"line":713,"column":98}},"183":{"start":{"line":714,"column":56},"end":{"line":714,"column":91}}},"fnMap":{"0":{"name":"(anonymous_0)","decl":{"start":{"line":65,"column":28},"end":{"line":65,"column":29}},"loc":{"start":{"line":66,"column":4},"end":{"line":70,"column":10}},"line":66},"1":{"name":"(anonymous_1)","decl":{"start":{"line":73,"column":24},"end":{"line":73,"column":25}},"loc":{"start":{"line":84,"column":4},"end":{"line":149,"column":10}},"line":84},"2":{"name":"(anonymous_2)","decl":{"start":{"line":152,"column":24},"end":{"line":152,"column":25}},"loc":{"start":{"line":153,"column":4},"end":{"line":178,"column":12}},"line":153},"3":{"name":"(anonymous_3)","decl":{"start":{"line":182,"column":27},"end":{"line":182,"column":28}},"loc":{"start":{"line":182,"column":126},"end":{"line":246,"column":1}},"line":182},"4":{"name":"(anonymous_4)","decl":{"start":{"line":185,"column":19},"end":{"line":185,"column":20}},"loc":{"start":{"line":185,"column":25},"end":{"line":190,"column":5}},"line":185},"5":{"name":"(anonymous_5)","decl":{"start":{"line":192,"column":14},"end":{"line":192,"column":15}},"loc":{"start":{"line":192,"column":20},"end":{"line":194,"column":5}},"line":192},"6":{"name":"(anonymous_6)","decl":{"start":{"line":196,"column":14},"end":{"line":196,"column":15}},"loc":{"start":{"line":196,"column":20},"end":{"line":200,"column":5}},"line":196},"7":{"name":"(anonymous_7)","decl":{"start":{"line":202,"column":26},"end":{"line":202,"column":27}},"loc":{"start":{"line":202,"column":33},"end":{"line":206,"column":5}},"line":202},"8":{"name":"(anonymous_8)","decl":{"start":{"line":208,"column":25},"end":{"line":208,"column":26}},"loc":{"start":{"line":208,"column":32},"end":{"line":214,"column":5}},"line":208},"9":{"name":"(anonymous_9)","decl":{"start":{"line":226,"column":25},"end":{"line":226,"column":26}},"loc":{"start":{"line":226,"column":32},"end":{"line":226,"column":51}},"line":226},"10":{"name":"(anonymous_10)","decl":{"start":{"line":248,"column":25},"end":{"line":248,"column":26}},"loc":{"start":{"line":264,"column":6},"end":{"line":718,"column":1}},"line":264},"11":{"name":"(anonymous_11)","decl":{"start":{"line":276,"column":24},"end":{"line":276,"column":25}},"loc":{"start":{"line":276,"column":45},"end":{"line":279,"column":5}},"line":276},"12":{"name":"(anonymous_12)","decl":{"start":{"line":282,"column":29},"end":{"line":282,"column":30}},"loc":{"start":{"line":282,"column":42},"end":{"line":297,"column":5}},"line":282},"13":{"name":"(anonymous_13)","decl":{"start":{"line":299,"column":25},"end":{"line":299,"column":26}},"loc":{"start":{"line":299,"column":36},"end":{"line":308,"column":5}},"line":299},"14":{"name":"(anonymous_14)","decl":{"start":{"line":300,"column":26},"end":{"line":300,"column":27}},"loc":{"start":{"line":300,"column":34},"end":{"line":307,"column":9}},"line":300},"15":{"name":"(anonymous_15)","decl":{"start":{"line":310,"column":21},"end":{"line":310,"column":22}},"loc":{"start":{"line":310,"column":46},"end":{"line":312,"column":5}},"line":310},"16":{"name":"(anonymous_16)","decl":{"start":{"line":314,"column":32},"end":{"line":314,"column":33}},"loc":{"start":{"line":314,"column":38},"end":{"line":322,"column":5}},"line":314},"17":{"name":"(anonymous_17)","decl":{"start":{"line":316,"column":55},"end":{"line":316,"column":56}},"loc":{"start":{"line":316,"column":67},"end":{"line":320,"column":9}},"line":316},"18":{"name":"(anonymous_18)","decl":{"start":{"line":324,"column":41},"end":{"line":324,"column":42}},"loc":{"start":{"line":324,"column":47},"end":{"line":329,"column":5}},"line":324},"19":{"name":"(anonymous_19)","decl":{"start":{"line":326,"column":20},"end":{"line":326,"column":21}},"loc":{"start":{"line":326,"column":29},"end":{"line":326,"column":77}},"line":326},"20":{"name":"(anonymous_20)","decl":{"start":{"line":327,"column":17},"end":{"line":327,"column":18}},"loc":{"start":{"line":327,"column":26},"end":{"line":327,"column":55}},"line":327},"21":{"name":"(anonymous_21)","decl":{"start":{"line":331,"column":48},"end":{"line":331,"column":49}},"loc":{"start":{"line":332,"column":8},"end":{"line":332,"column":121}},"line":332},"22":{"name":"(anonymous_22)","decl":{"start":{"line":332,"column":54},"end":{"line":332,"column":55}},"loc":{"start":{"line":332,"column":66},"end":{"line":332,"column":120}},"line":332},"23":{"name":"(anonymous_23)","decl":{"start":{"line":335,"column":28},"end":{"line":335,"column":29}},"loc":{"start":{"line":335,"column":37},"end":{"line":343,"column":5}},"line":335},"24":{"name":"(anonymous_24)","decl":{"start":{"line":336,"column":19},"end":{"line":336,"column":20}},"loc":{"start":{"line":336,"column":25},"end":{"line":342,"column":9}},"line":336},"25":{"name":"(anonymous_25)","decl":{"start":{"line":345,"column":34},"end":{"line":345,"column":35}},"loc":{"start":{"line":345,"column":72},"end":{"line":370,"column":5}},"line":345},"26":{"name":"(anonymous_26)","decl":{"start":{"line":350,"column":48},"end":{"line":350,"column":49}},"loc":{"start":{"line":350,"column":57},"end":{"line":354,"column":9}},"line":350},"27":{"name":"(anonymous_27)","decl":{"start":{"line":373,"column":28},"end":{"line":373,"column":29}},"loc":{"start":{"line":373,"column":42},"end":{"line":383,"column":5}},"line":373},"28":{"name":"(anonymous_28)","decl":{"start":{"line":385,"column":27},"end":{"line":385,"column":28}},"loc":{"start":{"line":385,"column":41},"end":{"line":388,"column":5}},"line":385},"29":{"name":"(anonymous_29)","decl":{"start":{"line":390,"column":23},"end":{"line":390,"column":24}},"loc":{"start":{"line":390,"column":41},"end":{"line":396,"column":5}},"line":390},"30":{"name":"(anonymous_30)","decl":{"start":{"line":398,"column":27},"end":{"line":398,"column":28}},"loc":{"start":{"line":398,"column":38},"end":{"line":400,"column":5}},"line":398},"31":{"name":"(anonymous_31)","decl":{"start":{"line":402,"column":22},"end":{"line":402,"column":23}},"loc":{"start":{"line":402,"column":44},"end":{"line":438,"column":5}},"line":402},"32":{"name":"(anonymous_32)","decl":{"start":{"line":415,"column":27},"end":{"line":415,"column":28}},"loc":{"start":{"line":415,"column":39},"end":{"line":418,"column":17}},"line":415},"33":{"name":"(anonymous_33)","decl":{"start":{"line":431,"column":23},"end":{"line":431,"column":24}},"loc":{"start":{"line":431,"column":29},"end":{"line":434,"column":13}},"line":431},"34":{"name":"(anonymous_34)","decl":{"start":{"line":440,"column":29},"end":{"line":440,"column":30}},"loc":{"start":{"line":440,"column":40},"end":{"line":442,"column":5}},"line":440},"35":{"name":"(anonymous_35)","decl":{"start":{"line":465,"column":65},"end":{"line":465,"column":66}},"loc":{"start":{"line":465,"column":71},"end":{"line":465,"column":87}},"line":465},"36":{"name":"(anonymous_36)","decl":{"start":{"line":469,"column":63},"end":{"line":469,"column":64}},"loc":{"start":{"line":469,"column":81},"end":{"line":693,"column":25}},"line":469},"37":{"name":"(anonymous_37)","decl":{"start":{"line":506,"column":49},"end":{"line":506,"column":50}},"loc":{"start":{"line":506,"column":56},"end":{"line":506,"column":81}},"line":506},"38":{"name":"(anonymous_38)","decl":{"start":{"line":507,"column":48},"end":{"line":507,"column":49}},"loc":{"start":{"line":507,"column":55},"end":{"line":507,"column":79}},"line":507},"39":{"name":"(anonymous_39)","decl":{"start":{"line":508,"column":44},"end":{"line":508,"column":45}},"loc":{"start":{"line":508,"column":51},"end":{"line":508,"column":71}},"line":508},"40":{"name":"(anonymous_40)","decl":{"start":{"line":509,"column":45},"end":{"line":509,"column":46}},"loc":{"start":{"line":509,"column":51},"end":{"line":509,"column":72}},"line":509},"41":{"name":"(anonymous_41)","decl":{"start":{"line":539,"column":66},"end":{"line":539,"column":67}},"loc":{"start":{"line":539,"column":72},"end":{"line":539,"column":103}},"line":539},"42":{"name":"(anonymous_42)","decl":{"start":{"line":541,"column":66},"end":{"line":541,"column":67}},"loc":{"start":{"line":541,"column":71},"end":{"line":541,"column":118}},"line":541},"43":{"name":"(anonymous_43)","decl":{"start":{"line":542,"column":65},"end":{"line":542,"column":66}},"loc":{"start":{"line":542,"column":71},"end":{"line":542,"column":94}},"line":542},"44":{"name":"(anonymous_44)","decl":{"start":{"line":571,"column":66},"end":{"line":571,"column":67}},"loc":{"start":{"line":571,"column":72},"end":{"line":571,"column":101}},"line":571},"45":{"name":"(anonymous_45)","decl":{"start":{"line":574,"column":66},"end":{"line":574,"column":67}},"loc":{"start":{"line":574,"column":71},"end":{"line":574,"column":109}},"line":574},"46":{"name":"(anonymous_46)","decl":{"start":{"line":575,"column":65},"end":{"line":575,"column":66}},"loc":{"start":{"line":575,"column":71},"end":{"line":575,"column":94}},"line":575},"47":{"name":"(anonymous_47)","decl":{"start":{"line":611,"column":66},"end":{"line":611,"column":67}},"loc":{"start":{"line":611,"column":73},"end":{"line":611,"column":141}},"line":611},"48":{"name":"(anonymous_48)","decl":{"start":{"line":612,"column":66},"end":{"line":612,"column":67}},"loc":{"start":{"line":612,"column":72},"end":{"line":612,"column":88}},"line":612},"49":{"name":"(anonymous_49)","decl":{"start":{"line":617,"column":73},"end":{"line":617,"column":74}},"loc":{"start":{"line":617,"column":80},"end":{"line":617,"column":99}},"line":617},"50":{"name":"(anonymous_50)","decl":{"start":{"line":619,"column":73},"end":{"line":619,"column":74}},"loc":{"start":{"line":619,"column":80},"end":{"line":619,"column":124}},"line":619},"51":{"name":"(anonymous_51)","decl":{"start":{"line":623,"column":74},"end":{"line":623,"column":75}},"loc":{"start":{"line":623,"column":80},"end":{"line":623,"column":111}},"line":623},"52":{"name":"(anonymous_52)","decl":{"start":{"line":625,"column":69},"end":{"line":625,"column":70}},"loc":{"start":{"line":625,"column":75},"end":{"line":625,"column":106}},"line":625},"53":{"name":"(anonymous_53)","decl":{"start":{"line":628,"column":74},"end":{"line":628,"column":75}},"loc":{"start":{"line":628,"column":79},"end":{"line":628,"column":119}},"line":628},"54":{"name":"(anonymous_54)","decl":{"start":{"line":629,"column":73},"end":{"line":629,"column":74}},"loc":{"start":{"line":629,"column":79},"end":{"line":629,"column":102}},"line":629},"55":{"name":"(anonymous_55)","decl":{"start":{"line":637,"column":70},"end":{"line":637,"column":71}},"loc":{"start":{"line":637,"column":76},"end":{"line":637,"column":107}},"line":637},"56":{"name":"(anonymous_56)","decl":{"start":{"line":640,"column":70},"end":{"line":640,"column":71}},"loc":{"start":{"line":640,"column":75},"end":{"line":640,"column":115}},"line":640},"57":{"name":"(anonymous_57)","decl":{"start":{"line":641,"column":69},"end":{"line":641,"column":70}},"loc":{"start":{"line":641,"column":75},"end":{"line":641,"column":98}},"line":641},"58":{"name":"(anonymous_58)","decl":{"start":{"line":653,"column":73},"end":{"line":653,"column":74}},"loc":{"start":{"line":653,"column":80},"end":{"line":653,"column":125}},"line":653},"59":{"name":"(anonymous_59)","decl":{"start":{"line":667,"column":62},"end":{"line":667,"column":63}},"loc":{"start":{"line":667,"column":68},"end":{"line":671,"column":53}},"line":667},"60":{"name":"(anonymous_60)","decl":{"start":{"line":684,"column":53},"end":{"line":684,"column":54}},"loc":{"start":{"line":684,"column":60},"end":{"line":687,"column":45}},"line":684},"61":{"name":"(anonymous_61)","decl":{"start":{"line":704,"column":31},"end":{"line":704,"column":32}},"loc":{"start":{"line":704,"column":37},"end":{"line":704,"column":66}},"line":704},"62":{"name":"(anonymous_62)","decl":{"start":{"line":705,"column":30},"end":{"line":705,"column":31}},"loc":{"start":{"line":705,"column":36},"end":{"line":705,"column":73}},"line":705},"63":{"name":"(anonymous_63)","decl":{"start":{"line":706,"column":32},"end":{"line":706,"column":33}},"loc":{"start":{"line":706,"column":38},"end":{"line":706,"column":71}},"line":706},"64":{"name":"(anonymous_64)","decl":{"start":{"line":712,"column":25},"end":{"line":712,"column":26}},"loc":{"start":{"line":712,"column":31},"end":{"line":712,"column":61}},"line":712},"65":{"name":"(anonymous_65)","decl":{"start":{"line":713,"column":42},"end":{"line":713,"column":43}},"loc":{"start":{"line":713,"column":54},"end":{"line":713,"column":98}},"line":713},"66":{"name":"(anonymous_66)","decl":{"start":{"line":714,"column":40},"end":{"line":714,"column":41}},"loc":{"start":{"line":714,"column":56},"end":{"line":714,"column":91}},"line":714}},"branchMap":{"0":{"loc":{"start":{"line":107,"column":13},"end":{"line":127,"column":13}},"type":"binary-expr","locations":[{"start":{"line":107,"column":13},"end":{"line":107,"column":44}},{"start":{"line":108,"column":16},"end":{"line":126,"column":19}}],"line":107},"1":{"loc":{"start":{"line":129,"column":9},"end":{"line":148,"column":9}},"type":"binary-expr","locations":[{"start":{"line":129,"column":9},"end":{"line":129,"column":40}},{"start":{"line":130,"column":12},"end":{"line":147,"column":18}}],"line":129},"2":{"loc":{"start":{"line":135,"column":26},"end":{"line":135,"column":66}},"type":"cond-expr","locations":[{"start":{"line":135,"column":41},"end":{"line":135,"column":54}},{"start":{"line":135,"column":57},"end":{"line":135,"column":66}}],"line":135},"3":{"loc":{"start":{"line":143,"column":26},"end":{"line":143,"column":68}},"type":"cond-expr","locations":[{"start":{"line":143,"column":43},"end":{"line":143,"column":56}},{"start":{"line":143,"column":59},"end":{"line":143,"column":68}}],"line":143},"4":{"loc":{"start":{"line":186,"column":8},"end":{"line":189,"column":9}},"type":"if","locations":[{"start":{"line":186,"column":8},"end":{"line":189,"column":9}},{"start":{},"end":{}}],"line":186},"5":{"loc":{"start":{"line":197,"column":8},"end":{"line":199,"column":9}},"type":"if","locations":[{"start":{"line":197,"column":8},"end":{"line":199,"column":9}},{"start":{},"end":{}}],"line":197},"6":{"loc":{"start":{"line":197,"column":12},"end":{"line":197,"column":43}},"type":"binary-expr","locations":[{"start":{"line":197,"column":12},"end":{"line":197,"column":20}},{"start":{"line":197,"column":24},"end":{"line":197,"column":43}}],"line":197},"7":{"loc":{"start":{"line":203,"column":8},"end":{"line":205,"column":9}},"type":"if","locations":[{"start":{"line":203,"column":8},"end":{"line":205,"column":9}},{"start":{},"end":{}}],"line":203},"8":{"loc":{"start":{"line":203,"column":12},"end":{"line":203,"column":48}},"type":"binary-expr","locations":[{"start":{"line":203,"column":12},"end":{"line":203,"column":27}},{"start":{"line":203,"column":31},"end":{"line":203,"column":48}}],"line":203},"9":{"loc":{"start":{"line":209,"column":8},"end":{"line":211,"column":9}},"type":"if","locations":[{"start":{"line":209,"column":8},"end":{"line":211,"column":9}},{"start":{},"end":{}}],"line":209},"10":{"loc":{"start":{"line":277,"column":8},"end":{"line":277,"column":69}},"type":"if","locations":[{"start":{"line":277,"column":8},"end":{"line":277,"column":69}},{"start":{},"end":{}}],"line":277},"11":{"loc":{"start":{"line":283,"column":8},"end":{"line":283,"column":26}},"type":"if","locations":[{"start":{"line":283,"column":8},"end":{"line":283,"column":26}},{"start":{},"end":{}}],"line":283},"12":{"loc":{"start":{"line":288,"column":8},"end":{"line":296,"column":9}},"type":"if","locations":[{"start":{"line":288,"column":8},"end":{"line":296,"column":9}},{"start":{},"end":{}}],"line":288},"13":{"loc":{"start":{"line":288,"column":12},"end":{"line":288,"column":62}},"type":"binary-expr","locations":[{"start":{"line":288,"column":12},"end":{"line":288,"column":39}},{"start":{"line":288,"column":43},"end":{"line":288,"column":62}}],"line":288},"14":{"loc":{"start":{"line":303,"column":12},"end":{"line":305,"column":13}},"type":"if","locations":[{"start":{"line":303,"column":12},"end":{"line":305,"column":13}},{"start":{},"end":{}}],"line":303},"15":{"loc":{"start":{"line":316,"column":9},"end":{"line":316,"column":45}},"type":"binary-expr","locations":[{"start":{"line":316,"column":9},"end":{"line":316,"column":39}},{"start":{"line":316,"column":43},"end":{"line":316,"column":45}}],"line":316},"16":{"loc":{"start":{"line":317,"column":12},"end":{"line":319,"column":13}},"type":"if","locations":[{"start":{"line":317,"column":12},"end":{"line":319,"column":13}},{"start":{},"end":{}}],"line":317},"17":{"loc":{"start":{"line":325,"column":9},"end":{"line":325,"column":46}},"type":"cond-expr","locations":[{"start":{"line":325,"column":34},"end":{"line":325,"column":41}},{"start":{"line":325,"column":44},"end":{"line":325,"column":46}}],"line":325},"18":{"loc":{"start":{"line":326,"column":30},"end":{"line":326,"column":61}},"type":"binary-expr","locations":[{"start":{"line":326,"column":30},"end":{"line":326,"column":47}},{"start":{"line":326,"column":51},"end":{"line":326,"column":61}}],"line":326},"19":{"loc":{"start":{"line":327,"column":26},"end":{"line":327,"column":55}},"type":"binary-expr","locations":[{"start":{"line":327,"column":26},"end":{"line":327,"column":42}},{"start":{"line":327,"column":46},"end":{"line":327,"column":55}}],"line":327},"20":{"loc":{"start":{"line":332,"column":9},"end":{"line":332,"column":45}},"type":"binary-expr","locations":[{"start":{"line":332,"column":9},"end":{"line":332,"column":39}},{"start":{"line":332,"column":43},"end":{"line":332,"column":45}}],"line":332},"21":{"loc":{"start":{"line":332,"column":66},"end":{"line":332,"column":120}},"type":"binary-expr","locations":[{"start":{"line":332,"column":66},"end":{"line":332,"column":78}},{"start":{"line":332,"column":82},"end":{"line":332,"column":120}}],"line":332},"22":{"loc":{"start":{"line":338,"column":12},"end":{"line":341,"column":13}},"type":"if","locations":[{"start":{"line":338,"column":12},"end":{"line":341,"column":13}},{"start":{},"end":{}}],"line":338},"23":{"loc":{"start":{"line":346,"column":8},"end":{"line":348,"column":9}},"type":"if","locations":[{"start":{"line":346,"column":8},"end":{"line":348,"column":9}},{"start":{},"end":{}}],"line":346},"24":{"loc":{"start":{"line":351,"column":30},"end":{"line":351,"column":61}},"type":"binary-expr","locations":[{"start":{"line":351,"column":30},"end":{"line":351,"column":47}},{"start":{"line":351,"column":51},"end":{"line":351,"column":61}}],"line":351},"25":{"loc":{"start":{"line":352,"column":29},"end":{"line":352,"column":58}},"type":"binary-expr","locations":[{"start":{"line":352,"column":29},"end":{"line":352,"column":45}},{"start":{"line":352,"column":49},"end":{"line":352,"column":58}}],"line":352},"26":{"loc":{"start":{"line":353,"column":19},"end":{"line":353,"column":72}},"type":"binary-expr","locations":[{"start":{"line":353,"column":19},"end":{"line":353,"column":43}},{"start":{"line":353,"column":47},"end":{"line":353,"column":72}}],"line":353},"27":{"loc":{"start":{"line":356,"column":8},"end":{"line":360,"column":9}},"type":"if","locations":[{"start":{"line":356,"column":8},"end":{"line":360,"column":9}},{"start":{},"end":{}}],"line":356},"28":{"loc":{"start":{"line":362,"column":28},"end":{"line":362,"column":118}},"type":"cond-expr","locations":[{"start":{"line":362,"column":53},"end":{"line":362,"column":70}},{"start":{"line":362,"column":74},"end":{"line":362,"column":117}}],"line":362},"29":{"loc":{"start":{"line":362,"column":74},"end":{"line":362,"column":117}},"type":"cond-expr","locations":[{"start":{"line":362,"column":99},"end":{"line":362,"column":113}},{"start":{"line":362,"column":116},"end":{"line":362,"column":117}}],"line":362},"30":{"loc":{"start":{"line":366,"column":19},"end":{"line":366,"column":90}},"type":"cond-expr","locations":[{"start":{"line":366,"column":40},"end":{"line":366,"column":85}},{"start":{"line":366,"column":88},"end":{"line":366,"column":90}}],"line":366},"31":{"loc":{"start":{"line":376,"column":8},"end":{"line":379,"column":9}},"type":"if","locations":[{"start":{"line":376,"column":8},"end":{"line":379,"column":9}},{"start":{},"end":{}}],"line":376},"32":{"loc":{"start":{"line":392,"column":8},"end":{"line":394,"column":9}},"type":"if","locations":[{"start":{"line":392,"column":8},"end":{"line":394,"column":9}},{"start":{},"end":{}}],"line":392},"33":{"loc":{"start":{"line":392,"column":12},"end":{"line":392,"column":63}},"type":"binary-expr","locations":[{"start":{"line":392,"column":12},"end":{"line":392,"column":33}},{"start":{"line":392,"column":37},"end":{"line":392,"column":63}}],"line":392},"34":{"loc":{"start":{"line":403,"column":28},"end":{"line":403,"column":118}},"type":"cond-expr","locations":[{"start":{"line":403,"column":53},"end":{"line":403,"column":70}},{"start":{"line":403,"column":74},"end":{"line":403,"column":117}}],"line":403},"35":{"loc":{"start":{"line":403,"column":74},"end":{"line":403,"column":117}},"type":"cond-expr","locations":[{"start":{"line":403,"column":99},"end":{"line":403,"column":113}},{"start":{"line":403,"column":116},"end":{"line":403,"column":117}}],"line":403},"36":{"loc":{"start":{"line":405,"column":8},"end":{"line":421,"column":9}},"type":"if","locations":[{"start":{"line":405,"column":8},"end":{"line":421,"column":9}},{"start":{},"end":{}}],"line":405},"37":{"loc":{"start":{"line":406,"column":12},"end":{"line":409,"column":13}},"type":"if","locations":[{"start":{"line":406,"column":12},"end":{"line":409,"column":13}},{"start":{},"end":{}}],"line":406},"38":{"loc":{"start":{"line":406,"column":17},"end":{"line":406,"column":53}},"type":"binary-expr","locations":[{"start":{"line":406,"column":17},"end":{"line":406,"column":47}},{"start":{"line":406,"column":51},"end":{"line":406,"column":53}}],"line":406},"39":{"loc":{"start":{"line":416,"column":20},"end":{"line":416,"column":40}},"type":"if","locations":[{"start":{"line":416,"column":20},"end":{"line":416,"column":40}},{"start":{},"end":{}}],"line":416},"40":{"loc":{"start":{"line":427,"column":8},"end":{"line":437,"column":9}},"type":"if","locations":[{"start":{"line":427,"column":8},"end":{"line":437,"column":9}},{"start":{"line":435,"column":15},"end":{"line":437,"column":9}}],"line":427},"41":{"loc":{"start":{"line":429,"column":12},"end":{"line":429,"column":53}},"type":"if","locations":[{"start":{"line":429,"column":12},"end":{"line":429,"column":53}},{"start":{},"end":{}}],"line":429},"42":{"loc":{"start":{"line":433,"column":16},"end":{"line":433,"column":35}},"type":"if","locations":[{"start":{"line":433,"column":16},"end":{"line":433,"column":35}},{"start":{},"end":{}}],"line":433},"43":{"loc":{"start":{"line":435,"column":15},"end":{"line":437,"column":9}},"type":"if","locations":[{"start":{"line":435,"column":15},"end":{"line":437,"column":9}},{"start":{},"end":{}}],"line":435},"44":{"loc":{"start":{"line":435,"column":19},"end":{"line":435,"column":54}},"type":"binary-expr","locations":[{"start":{"line":435,"column":19},"end":{"line":435,"column":35}},{"start":{"line":435,"column":39},"end":{"line":435,"column":54}}],"line":435},"45":{"loc":{"start":{"line":446,"column":13},"end":{"line":463,"column":13}},"type":"binary-expr","locations":[{"start":{"line":446,"column":13},"end":{"line":446,"column":20}},{"start":{"line":446,"column":24},"end":{"line":463,"column":13}}],"line":446},"46":{"loc":{"start":{"line":469,"column":25},"end":{"line":693,"column":26}},"type":"binary-expr","locations":[{"start":{"line":469,"column":25},"end":{"line":469,"column":47}},{"start":{"line":469,"column":51},"end":{"line":693,"column":26}}],"line":469},"47":{"loc":{"start":{"line":472,"column":41},"end":{"line":472,"column":72}},"type":"binary-expr","locations":[{"start":{"line":472,"column":41},"end":{"line":472,"column":58}},{"start":{"line":472,"column":62},"end":{"line":472,"column":72}}],"line":472},"48":{"loc":{"start":{"line":474,"column":28},"end":{"line":476,"column":29}},"type":"if","locations":[{"start":{"line":474,"column":28},"end":{"line":476,"column":29}},{"start":{},"end":{}}],"line":474},"49":{"loc":{"start":{"line":474,"column":32},"end":{"line":474,"column":67}},"type":"binary-expr","locations":[{"start":{"line":474,"column":32},"end":{"line":474,"column":45}},{"start":{"line":474,"column":49},"end":{"line":474,"column":67}}],"line":474},"50":{"loc":{"start":{"line":477,"column":28},"end":{"line":479,"column":29}},"type":"if","locations":[{"start":{"line":477,"column":28},"end":{"line":479,"column":29}},{"start":{},"end":{}}],"line":477},"51":{"loc":{"start":{"line":477,"column":32},"end":{"line":477,"column":67}},"type":"binary-expr","locations":[{"start":{"line":477,"column":32},"end":{"line":477,"column":47}},{"start":{"line":477,"column":51},"end":{"line":477,"column":67}}],"line":477},"52":{"loc":{"start":{"line":480,"column":40},"end":{"line":480,"column":75}},"type":"binary-expr","locations":[{"start":{"line":480,"column":40},"end":{"line":480,"column":56}},{"start":{"line":480,"column":60},"end":{"line":480,"column":69}},{"start":{"line":480,"column":73},"end":{"line":480,"column":75}}],"line":480},"53":{"loc":{"start":{"line":481,"column":42},"end":{"line":481,"column":81}},"type":"binary-expr","locations":[{"start":{"line":481,"column":42},"end":{"line":481,"column":60}},{"start":{"line":481,"column":64},"end":{"line":481,"column":75}},{"start":{"line":481,"column":79},"end":{"line":481,"column":81}}],"line":481},"54":{"loc":{"start":{"line":487,"column":49},"end":{"line":487,"column":133}},"type":"cond-expr","locations":[{"start":{"line":487,"column":95},"end":{"line":487,"column":125}},{"start":{"line":487,"column":128},"end":{"line":487,"column":133}}],"line":487},"55":{"loc":{"start":{"line":487,"column":49},"end":{"line":487,"column":92}},"type":"binary-expr","locations":[{"start":{"line":487,"column":49},"end":{"line":487,"column":67}},{"start":{"line":487,"column":71},"end":{"line":487,"column":92}}],"line":487},"56":{"loc":{"start":{"line":492,"column":49},"end":{"line":492,"column":106}},"type":"cond-expr","locations":[{"start":{"line":492,"column":62},"end":{"line":492,"column":90}},{"start":{"line":492,"column":93},"end":{"line":492,"column":106}}],"line":492},"57":{"loc":{"start":{"line":504,"column":47},"end":{"line":504,"column":93}},"type":"cond-expr","locations":[{"start":{"line":504,"column":72},"end":{"line":504,"column":88}},{"start":{"line":504,"column":91},"end":{"line":504,"column":93}}],"line":504},"58":{"loc":{"start":{"line":516,"column":41},"end":{"line":516,"column":123}},"type":"binary-expr","locations":[{"start":{"line":516,"column":41},"end":{"line":516,"column":59}},{"start":{"line":516,"column":63},"end":{"line":516,"column":123}}],"line":516},"59":{"loc":{"start":{"line":519,"column":37},"end":{"line":675,"column":37}},"type":"cond-expr","locations":[{"start":{"line":520,"column":40},"end":{"line":555,"column":43}},{"start":{"line":556,"column":40},"end":{"line":675,"column":37}}],"line":519},"60":{"loc":{"start":{"line":556,"column":40},"end":{"line":675,"column":37}},"type":"cond-expr","locations":[{"start":{"line":557,"column":40},"end":{"line":565,"column":43}},{"start":{"line":567,"column":40},"end":{"line":674,"column":43}}],"line":556},"61":{"loc":{"start":{"line":580,"column":53},"end":{"line":604,"column":53}},"type":"binary-expr","locations":[{"start":{"line":580,"column":53},"end":{"line":580,"column":73}},{"start":{"line":581,"column":56},"end":{"line":603,"column":66}}],"line":580},"62":{"loc":{"start":{"line":611,"column":73},"end":{"line":611,"column":141}},"type":"cond-expr","locations":[{"start":{"line":611,"column":108},"end":{"line":611,"column":134}},{"start":{"line":611,"column":137},"end":{"line":611,"column":141}}],"line":611},"63":{"loc":{"start":{"line":611,"column":74},"end":{"line":611,"column":104}},"type":"binary-expr","locations":[{"start":{"line":611,"column":74},"end":{"line":611,"column":85}},{"start":{"line":611,"column":89},"end":{"line":611,"column":104}}],"line":611},"64":{"loc":{"start":{"line":614,"column":53},"end":{"line":646,"column":53}},"type":"cond-expr","locations":[{"start":{"line":615,"column":56},"end":{"line":634,"column":62}},{"start":{"line":636,"column":56},"end":{"line":645,"column":58}}],"line":614},"65":{"loc":{"start":{"line":631,"column":70},"end":{"line":631,"column":108}},"type":"cond-expr","locations":[{"start":{"line":631,"column":89},"end":{"line":631,"column":99}},{"start":{"line":631,"column":102},"end":{"line":631,"column":108}}],"line":631},"66":{"loc":{"start":{"line":648,"column":53},"end":{"line":659,"column":53}},"type":"binary-expr","locations":[{"start":{"line":648,"column":53},"end":{"line":648,"column":64}},{"start":{"line":649,"column":56},"end":{"line":658,"column":66}}],"line":648},"67":{"loc":{"start":{"line":649,"column":72},"end":{"line":649,"column":139}},"type":"cond-expr","locations":[{"start":{"line":649,"column":90},"end":{"line":649,"column":113}},{"start":{"line":649,"column":116},"end":{"line":649,"column":139}}],"line":649},"68":{"loc":{"start":{"line":652,"column":70},"end":{"line":652,"column":115}},"type":"cond-expr","locations":[{"start":{"line":652,"column":88},"end":{"line":652,"column":98}},{"start":{"line":652,"column":101},"end":{"line":652,"column":115}}],"line":652},"69":{"loc":{"start":{"line":655,"column":76},"end":{"line":655,"column":143}},"type":"cond-expr","locations":[{"start":{"line":655,"column":94},"end":{"line":655,"column":117}},{"start":{"line":655,"column":120},"end":{"line":655,"column":143}}],"line":655},"70":{"loc":{"start":{"line":666,"column":61},"end":{"line":666,"column":81}},"type":"binary-expr","locations":[{"start":{"line":666,"column":61},"end":{"line":666,"column":72}},{"start":{"line":666,"column":76},"end":{"line":666,"column":81}}],"line":666}},"s":{"0":1,"1":1,"2":1,"3":1,"4":1,"5":1,"6":1,"7":6,"8":1,"9":2,"10":1,"11":2,"12":1,"13":5,"14":5,"15":5,"16":5,"17":5,"18":5,"19":5,"20":5,"21":5,"22":5,"23":5,"24":0,"25":0,"26":5,"27":0,"28":0,"29":0,"30":0,"31":5,"32":0,"33":1,"34":2,"35":2,"36":2,"37":2,"38":2,"39":2,"40":2,"41":2,"42":5,"43":3,"44":5,"45":2,"46":0,"47":0,"48":0,"49":0,"50":0,"51":0,"52":0,"53":2,"54":0,"55":0,"56":0,"57":0,"58":0,"59":2,"60":0,"61":2,"62":2,"63":2,"64":0,"65":0,"66":2,"67":2,"68":2,"69":5,"70":2,"71":2,"72":2,"73":0,"74":2,"75":0,"76":0,"77":0,"78":0,"79":0,"80":2,"81":0,"82":0,"83":0,"84":0,"85":0,"86":0,"87":0,"88":0,"89":0,"90":0,"91":0,"92":0,"93":0,"94":0,"95":2,"96":0,"97":0,"98":0,"99":0,"100":0,"101":2,"102":0,"103":0,"104":2,"105":0,"106":0,"107":0,"108":0,"109":2,"110":0,"111":2,"112":0,"113":0,"114":0,"115":0,"116":0,"117":0,"118":0,"119":0,"120":0,"121":0,"122":0,"123":0,"124":0,"125":0,"126":0,"127":0,"128":0,"129":0,"130":0,"131":0,"132":0,"133":2,"134":0,"135":2,"136":0,"137":5,"138":5,"139":1,"140":4,"141":1,"142":3,"143":3,"144":3,"145":3,"146":3,"147":3,"148":3,"149":3,"150":3,"151":0,"152":0,"153":0,"154":0,"155":1,"156":0,"157":0,"158":2,"159":0,"160":0,"161":0,"162":0,"163":0,"164":0,"165":0,"166":0,"167":0,"168":0,"169":0,"170":2,"171":0,"172":0,"173":0,"174":0,"175":0,"176":0,"177":0,"178":0,"179":0,"180":0,"181":0,"182":0,"183":0},"f":{"0":6,"1":2,"2":2,"3":5,"4":5,"5":5,"6":5,"7":0,"8":0,"9":0,"10":2,"11":5,"12":0,"13":0,"14":0,"15":0,"16":2,"17":0,"18":2,"19":5,"20":2,"21":2,"22":0,"23":0,"24":0,"25":0,"26":0,"27":0,"28":0,"29":0,"30":0,"31":0,"32":0,"33":0,"34":0,"35":0,"36":5,"37":0,"38":0,"39":0,"40":0,"41":1,"42":0,"43":0,"44":2,"45":0,"46":0,"47":0,"48":0,"49":0,"50":0,"51":0,"52":0,"53":0,"54":0,"55":2,"56":0,"57":0,"58":0,"59":0,"60":0,"61":0,"62":0,"63":0,"64":0,"65":0,"66":0},"b":{"0":[2,1],"1":[2,1],"2":[1,0],"3":[1,0],"4":[5,0],"5":[5,0],"6":[5,5],"7":[0,0],"8":[0,0],"9":[0,0],"10":[3,2],"11":[0,0],"12":[0,0],"13":[0,0],"14":[0,0],"15":[2,2],"16":[0,0],"17":[2,0],"18":[5,5],"19":[2,2],"20":[2,2],"21":[0,0],"22":[0,0],"23":[0,0],"24":[0,0],"25":[0,0],"26":[0,0],"27":[0,0],"28":[0,0],"29":[0,0],"30":[0,0],"31":[0,0],"32":[0,0],"33":[0,0],"34":[0,0],"35":[0,0],"36":[0,0],"37":[0,0],"38":[0,0],"39":[0,0],"40":[0,0],"41":[0,0],"42":[0,0],"43":[0,0],"44":[0,0],"45":[2,0],"46":[2,2],"47":[5,5],"48":[1,4],"49":[5,3],"50":[1,3],"51":[4,2],"52":[3,3,1],"53":[3,3,0],"54":[1,2],"55":[3,1],"56":[0,3],"57":[0,3],"58":[3,1],"59":[1,2],"60":[0,2],"61":[2,0],"62":[0,0],"63":[0,0],"64":[0,2],"65":[0,0],"66":[2,0],"67":[0,0],"68":[0,0],"69":[0,0],"70":[2,2]},"_coverageSchema":"1a1c01bbd47fc00a2c39e90264f33305004495a9","hash":"7bb16641a2d86ed9b1bd7eb7712329ce7690e68f"}
,"/Users/dgigon/CodexProjects/osgi-configurations-manager-snapshot/src/javascript/osgiConfigManager/App/components/ConfigStateBadge.jsx": {"path":"/Users/dgigon/CodexProjects/osgi-configurations-manager-snapshot/src/javascript/osgiConfigManager/App/components/ConfigStateBadge.jsx","statementMap":{"0":{"start":{"line":5,"column":21},"end":{"line":24,"column":1}},"1":{"start":{"line":26,"column":19},"end":{"line":34,"column":1}},"2":{"start":{"line":27,"column":4},"end":{"line":33,"column":6}},"3":{"start":{"line":36,"column":32},"end":{"line":52,"column":1}},"4":{"start":{"line":37,"column":16},"end":{"line":37,"column":61}},"5":{"start":{"line":38,"column":27},"end":{"line":38,"column":63}},"6":{"start":{"line":39,"column":19},"end":{"line":39,"column":47}},"7":{"start":{"line":40,"column":18},"end":{"line":40,"column":51}},"8":{"start":{"line":41,"column":17},"end":{"line":41,"column":58}},"9":{"start":{"line":43,"column":4},"end":{"line":45,"column":5}},"10":{"start":{"line":44,"column":8},"end":{"line":44,"column":20}},"11":{"start":{"line":47,"column":4},"end":{"line":51,"column":6}}},"fnMap":{"0":{"name":"(anonymous_0)","decl":{"start":{"line":26,"column":19},"end":{"line":26,"column":20}},"loc":{"start":{"line":27,"column":4},"end":{"line":33,"column":6}},"line":27},"1":{"name":"(anonymous_1)","decl":{"start":{"line":36,"column":32},"end":{"line":36,"column":33}},"loc":{"start":{"line":36,"column":82},"end":{"line":52,"column":1}},"line":36}},"branchMap":{"0":{"loc":{"start":{"line":36,"column":41},"end":{"line":36,"column":56}},"type":"default-arg","locations":[{"start":{"line":36,"column":51},"end":{"line":36,"column":56}}],"line":36},"1":{"loc":{"start":{"line":36,"column":58},"end":{"line":36,"column":76}},"type":"default-arg","locations":[{"start":{"line":36,"column":72},"end":{"line":36,"column":76}}],"line":36},"2":{"loc":{"start":{"line":38,"column":27},"end":{"line":38,"column":63}},"type":"cond-expr","locations":[{"start":{"line":38,"column":49},"end":{"line":38,"column":54}},{"start":{"line":38,"column":57},"end":{"line":38,"column":63}}],"line":38},"3":{"loc":{"start":{"line":40,"column":18},"end":{"line":40,"column":51}},"type":"cond-expr","locations":[{"start":{"line":40,"column":28},"end":{"line":40,"column":30}},{"start":{"line":40,"column":33},"end":{"line":40,"column":51}}],"line":40},"4":{"loc":{"start":{"line":43,"column":4},"end":{"line":45,"column":5}},"type":"if","locations":[{"start":{"line":43,"column":4},"end":{"line":45,"column":5}},{"start":{},"end":{}}],"line":43}},"s":{"0":1,"1":1,"2":3,"3":1,"4":3,"5":3,"6":3,"7":3,"8":3,"9":3,"10":1,"11":2},"f":{"0":3,"1":3},"b":{"0":[2],"1":[2],"2":[2,1],"3":[1,2],"4":[1,2]},"_coverageSchema":"1a1c01bbd47fc00a2c39e90264f33305004495a9","hash":"f767a11eb74847a62edbeaea63126f57bdaf9b99"}
,"/Users/dgigon/CodexProjects/osgi-configurations-manager-snapshot/src/javascript/osgiConfigManager/App/hooks/useOsgiConfigs.ts": {"path":"/Users/dgigon/CodexProjects/osgi-configurations-manager-snapshot/src/javascript/osgiConfigManager/App/hooks/useOsgiConfigs.ts","statementMap":{"0":{"start":{"line":1,"column":0},"end":{"line":1,"column":65}},"1":{"start":{"line":2,"column":0},"end":{"line":2,"column":49}},"2":{"start":{"line":3,"column":0},"end":{"line":3,"column":47}},"3":{"start":{"line":4,"column":0},"end":{"line":4,"column":106}},"4":{"start":{"line":5,"column":0},"end":{"line":5,"column":38}},"5":{"start":{"line":6,"column":0},"end":{"line":6,"column":48}},"6":{"start":{"line":38,"column":40},"end":{"line":51,"column":1}},"7":{"start":{"line":39,"column":18},"end":{"line":39,"column":48}},"8":{"start":{"line":40,"column":4},"end":{"line":48,"column":5}},"9":{"start":{"line":40,"column":23},"end":{"line":40,"column":28}},"10":{"start":{"line":40,"column":19},"end":{"line":40,"column":23}},"11":{"start":{"line":41,"column":24},"end":{"line":41,"column":49}},"12":{"start":{"line":42,"column":8},"end":{"line":44,"column":9}},"13":{"start":{"line":43,"column":12},"end":{"line":43,"column":28}},"14":{"start":{"line":45,"column":8},"end":{"line":47,"column":9}},"15":{"start":{"line":46,"column":12},"end":{"line":46,"column":36}},"16":{"start":{"line":50,"column":4},"end":{"line":50,"column":18}},"17":{"start":{"line":54,"column":30},"end":{"line":965,"column":1}},"18":{"start":{"line":55,"column":18},"end":{"line":55,"column":64}},"19":{"start":{"line":56,"column":43},"end":{"line":56,"column":53}},"20":{"start":{"line":56,"column":19},"end":{"line":56,"column":28}},"21":{"start":{"line":56,"column":38},"end":{"line":56,"column":43}},"22":{"start":{"line":57,"column":30},"end":{"line":57,"column":54}},"23":{"start":{"line":57,"column":16},"end":{"line":57,"column":18}},"24":{"start":{"line":57,"column":26},"end":{"line":57,"column":30}},"25":{"start":{"line":58,"column":44},"end":{"line":58,"column":75}},"26":{"start":{"line":58,"column":23},"end":{"line":58,"column":25}},"27":{"start":{"line":58,"column":40},"end":{"line":58,"column":44}},"28":{"start":{"line":71,"column":8},"end":{"line":71,"column":23}},"29":{"start":{"line":60,"column":18},"end":{"line":60,"column":null}},"30":{"start":{"line":61,"column":22},"end":{"line":61,"column":null}},"31":{"start":{"line":62,"column":24},"end":{"line":62,"column":null}},"32":{"start":{"line":63,"column":38},"end":{"line":63,"column":null}},"33":{"start":{"line":64,"column":30},"end":{"line":64,"column":null}},"34":{"start":{"line":65,"column":44},"end":{"line":65,"column":null}},"35":{"start":{"line":66,"column":25},"end":{"line":66,"column":null}},"36":{"start":{"line":67,"column":21},"end":{"line":67,"column":null}},"37":{"start":{"line":68,"column":22},"end":{"line":68,"column":null}},"38":{"start":{"line":69,"column":23},"end":{"line":69,"column":null}},"39":{"start":{"line":70,"column":30},"end":{"line":70,"column":null}},"40":{"start":{"line":73,"column":56},"end":{"line":73,"column":73}},"41":{"start":{"line":73,"column":29},"end":{"line":73,"column":31}},"42":{"start":{"line":73,"column":52},"end":{"line":73,"column":56}},"43":{"start":{"line":74,"column":40},"end":{"line":74,"column":60}},"44":{"start":{"line":74,"column":21},"end":{"line":74,"column":23}},"45":{"start":{"line":74,"column":36},"end":{"line":74,"column":40}},"46":{"start":{"line":75,"column":56},"end":{"line":75,"column":76}},"47":{"start":{"line":75,"column":29},"end":{"line":75,"column":31}},"48":{"start":{"line":75,"column":52},"end":{"line":75,"column":56}},"49":{"start":{"line":76,"column":30},"end":{"line":76,"column":59}},"50":{"start":{"line":76,"column":16},"end":{"line":76,"column":18}},"51":{"start":{"line":76,"column":26},"end":{"line":76,"column":30}},"52":{"start":{"line":77,"column":44},"end":{"line":77,"column":68}},"53":{"start":{"line":77,"column":23},"end":{"line":77,"column":25}},"54":{"start":{"line":77,"column":40},"end":{"line":77,"column":44}},"55":{"start":{"line":78,"column":42},"end":{"line":78,"column":66}},"56":{"start":{"line":78,"column":22},"end":{"line":78,"column":24}},"57":{"start":{"line":78,"column":38},"end":{"line":78,"column":42}},"58":{"start":{"line":79,"column":48},"end":{"line":79,"column":72}},"59":{"start":{"line":79,"column":25},"end":{"line":79,"column":27}},"60":{"start":{"line":79,"column":44},"end":{"line":79,"column":48}},"61":{"start":{"line":80,"column":42},"end":{"line":80,"column":62}},"62":{"start":{"line":80,"column":22},"end":{"line":80,"column":24}},"63":{"start":{"line":80,"column":38},"end":{"line":80,"column":42}},"64":{"start":{"line":81,"column":40},"end":{"line":81,"column":60}},"65":{"start":{"line":81,"column":21},"end":{"line":81,"column":23}},"66":{"start":{"line":81,"column":36},"end":{"line":81,"column":40}},"67":{"start":{"line":82,"column":42},"end":{"line":82,"column":76}},"68":{"start":{"line":82,"column":22},"end":{"line":82,"column":24}},"69":{"start":{"line":82,"column":38},"end":{"line":82,"column":42}},"70":{"start":{"line":83,"column":40},"end":{"line":83,"column":152}},"71":{"start":{"line":83,"column":21},"end":{"line":83,"column":23}},"72":{"start":{"line":83,"column":36},"end":{"line":83,"column":40}},"73":{"start":{"line":84,"column":42},"end":{"line":84,"column":65}},"74":{"start":{"line":84,"column":22},"end":{"line":84,"column":24}},"75":{"start":{"line":84,"column":38},"end":{"line":84,"column":42}},"76":{"start":{"line":85,"column":44},"end":{"line":85,"column":89}},"77":{"start":{"line":85,"column":23},"end":{"line":85,"column":25}},"78":{"start":{"line":85,"column":40},"end":{"line":85,"column":44}},"79":{"start":{"line":87,"column":23},"end":{"line":87,"column":125}},"80":{"start":{"line":89,"column":50},"end":{"line":89,"column":74}},"81":{"start":{"line":89,"column":26},"end":{"line":89,"column":28}},"82":{"start":{"line":89,"column":46},"end":{"line":89,"column":50}},"83":{"start":{"line":90,"column":82},"end":{"line":90,"column":106}},"84":{"start":{"line":90,"column":42},"end":{"line":90,"column":44}},"85":{"start":{"line":90,"column":78},"end":{"line":90,"column":82}},"86":{"start":{"line":92,"column":23},"end":{"line":127,"column":10}},"87":{"start":{"line":92,"column":42},"end":{"line":92,"column":62}},"88":{"start":{"line":92,"column":62},"end":{"line":92,"column":null}},"89":{"start":{"line":93,"column":8},"end":{"line":93,"column":30}},"90":{"start":{"line":95,"column":25},"end":{"line":95,"column":null}},"91":{"start":{"line":95,"column":18},"end":{"line":95,"column":null}},"92":{"start":{"line":96,"column":12},"end":{"line":98,"column":13}},"93":{"start":{"line":97,"column":16},"end":{"line":97,"column":107}},"94":{"start":{"line":99,"column":12},"end":{"line":122,"column":13}},"95":{"start":{"line":100,"column":16},"end":{"line":100,"column":37}},"96":{"start":{"line":101,"column":16},"end":{"line":121,"column":19}},"97":{"start":{"line":102,"column":20},"end":{"line":104,"column":21}},"98":{"start
[...]
nd":{"line":331,"column":83}},"type":"if","locations":[{"start":{"line":331,"column":4},"end":{"line":331,"column":83}}]},"85":{"loc":{"start":{"line":331,"column":8},"end":{"line":331,"column":46}},"type":"binary-expr","locations":[{"start":{"line":331,"column":8},"end":{"line":331,"column":25}},{"start":{"line":331,"column":29},"end":{"line":331,"column":46}}]},"86":{"loc":{"start":{"line":332,"column":4},"end":{"line":332,"column":89}},"type":"if","locations":[{"start":{"line":332,"column":4},"end":{"line":332,"column":89}}]},"87":{"loc":{"start":{"line":332,"column":8},"end":{"line":332,"column":50}},"type":"binary-expr","locations":[{"start":{"line":332,"column":8},"end":{"line":332,"column":27}},{"start":{"line":332,"column":31},"end":{"line":332,"column":50}}]},"88":{"loc":{"start":{"line":334,"column":4},"end":{"line":340,"column":5}},"type":"if","locations":[{"start":{"line":334,"column":4},"end":{"line":340,"column":5}}]},"89":{"loc":{"start":{"line":334,"column":8},"end":{"line":334,"column":44}},"type":"binary-expr","locations":[{"start":{"line":334,"column":8},"end":{"line":334,"column":24}},{"start":{"line":334,"column":28},"end":{"line":334,"column":44}}]},"90":{"loc":{"start":{"line":335,"column":8},"end":{"line":335,"column":48}},"type":"if","locations":[{"start":{"line":335,"column":8},"end":{"line":335,"column":48}}]},"91":{"loc":{"start":{"line":337,"column":12},"end":{"line":337,"column":55}},"type":"if","locations":[{"start":{"line":337,"column":12},"end":{"line":337,"column":55}}]},"92":{"loc":{"start":{"line":342,"column":4},"end":{"line":351,"column":5}},"type":"if","locations":[{"start":{"line":342,"column":4},"end":{"line":351,"column":5}}]},"93":{"loc":{"start":{"line":342,"column":8},"end":{"line":342,"column":71}},"type":"binary-expr","locations":[{"start":{"line":342,"column":8},"end":{"line":342,"column":29}},{"start":{"line":342,"column":33},"end":{"line":342,"column":50}},{"start":{"line":342,"column":54},"end":{"line":342,"column":71}}]},"94":{"loc":{"start":{"line":345,"column":8},"end":{"line":345,"column":50}},"type":"if","locations":[{"start":{"line":345,"column":8},"end":{"line":345,"column":50}}]},"95":{"loc":{"start":{"line":347,"column":12},"end":{"line":347,"column":74}},"type":"if","locations":[{"start":{"line":347,"column":12},"end":{"line":347,"column":74}}]},"96":{"loc":{"start":{"line":348,"column":12},"end":{"line":348,"column":55}},"type":"if","locations":[{"start":{"line":348,"column":12},"end":{"line":348,"column":55}}]}},"s":{"0":2,"1":0,"2":0,"3":0,"4":0,"5":0,"6":0,"7":0,"8":0,"9":0,"10":0,"11":0,"12":0,"13":0,"14":0,"15":0,"16":2,"17":2,"18":0,"19":0,"20":0,"21":0,"22":0,"23":0,"24":0,"25":0,"26":0,"27":0,"28":0,"29":0,"30":0,"31":0,"32":0,"33":0,"34":0,"35":0,"36":2,"37":2,"38":6,"39":6,"40":1,"41":6,"42":6,"43":6,"44":6,"45":9,"46":9,"47":9,"48":3,"49":3,"50":9,"51":6,"52":6,"53":6,"54":6,"55":6,"56":0,"57":6,"58":5,"59":1,"60":6,"61":6,"62":6,"63":6,"64":6,"65":0,"66":6,"67":0,"68":6,"69":6,"70":11,"71":11,"72":11,"73":2,"74":2,"75":9,"76":0,"77":0,"78":9,"79":3,"80":6,"81":9,"82":9,"83":3,"84":3,"85":6,"86":6,"87":6,"88":6,"89":0,"90":6,"91":2,"92":2,"93":0,"94":0,"95":0,"96":0,"97":0,"98":0,"99":0,"100":0,"101":0,"102":0,"103":0,"104":0,"105":0,"106":0,"107":0,"108":0,"109":0,"110":0,"111":0,"112":0,"113":0,"114":0,"115":0,"116":0,"117":0,"118":0,"119":0,"120":2,"121":2,"122":0,"123":0,"124":0,"125":0,"126":0,"127":0,"128":0,"129":0,"130":0,"131":0,"132":0,"133":0,"134":0,"135":0,"136":0,"137":0,"138":0,"139":0,"140":0,"141":0,"142":0,"143":0,"144":0,"145":0,"146":0,"147":0,"148":0,"149":0,"150":0,"151":0,"152":0,"153":0,"154":0,"155":0,"156":0,"157":0,"158":0,"159":0,"160":0,"161":0,"162":2,"163":2,"164":0,"165":0,"166":0,"167":0,"168":0,"169":0,"170":0,"171":0,"172":0,"173":0,"174":0,"175":0,"176":0,"177":0,"178":0,"179":0,"180":0,"181":0,"182":0,"183":0,"184":0,"185":0,"186":0,"187":0,"188":0,"189":0,"190":0,"191":0,"192":0,"193":0,"194":0,"195":0,"196":2},"f":{"0":0,"1":0,"2":0,"3":0,"4":0,"5":0,"6":6,"7":9,"8":6,"9":0,"10":0,"11":0,"12":0,"13":0,"14":0},"b":{"0":[0],"1":[0,0],"2":[0],"3":[0],"4":[0],"5":[0],"6":[0,0],"7":[0],"8":[0],"9":[0,0],"10":[0],"11":[0],"12":[1],"13":[6,6],"14":[12,12],"15":[0,6],"16":[6,5],"17":[5,1],"18":[6],"19":[0],"20":[2],"21":[11,10],"22":[0],"23":[3,6],"24":[3,6],"25":[0],"26":[6,0],"27":[0],"28":[0],"29":[0],"30":[0,0],"31":[0,0],"32":[0,0],"33":[0,0],"34":[0,0],"35":[0],"36":[0,0,0],"37":[0,0],"38":[0],"39":[0,0],"40":[0,0],"41":[0,0],"42":[0,0],"43":[0,0],"44":[0],"45":[0,0,0],"46":[0],"47":[0,0,0],"48":[0],"49":[0,0],"50":[0,0],"51":[0,0],"52":[0,0],"53":[0],"54":[0],"55":[0,0],"56":[0,0],"57":[0,0],"58":[0,0],"59":[0,0],"60":[0,0],"61":[0,0],"62":[0,0],"63":[0,0],"64":[0,0],"65":[0],"66":[0,0],"67":[0],"68":[0],"69":[0,0],"70":[0,0],"71":[0],"72":[0],"73":[0,0],"74":[0],"75":[0,0],"76":[0,0],"77":[0,0,0],"78":[0],"79":[0,0,0],"80":[0],"81":[0],"82":[0,0,0,0],"83":[0],"84":[0],"85":[0,0],"86":[0],"87":[0,0],"88":[0],"89":[0,0],"90":[0],"91":[0],"92":[0],"93":[0,0,0],"94":[0],"95":[0],"96":[0]}}
,"/Users/dgigon/CodexProjects/osgi-configurations-manager-snapshot/src/javascript/osgiConfigManager/App/utils/metatypeUtils.js": {"path":"/Users/dgigon/CodexProjects/osgi-configurations-manager-snapshot/src/javascript/osgiConfigManager/App/utils/metatypeUtils.js","statementMap":{"0":{"start":{"line":1,"column":34},"end":{"line":4,"column":1}},"1":{"start":{"line":2,"column":26},"end":{"line":2,"column":110}},"2":{"start":{"line":3,"column":4},"end":{"line":3,"column":36}},"3":{"start":{"line":6,"column":32},"end":{"line":6,"column":80}},"4":{"start":{"line":6,"column":44},"end":{"line":6,"column":80}},"5":{"start":{"line":8,"column":44},"end":{"line":29,"column":1}},"6":{"start":{"line":9,"column":28},"end":{"line":9,"column":68}},"7":{"start":{"line":10,"column":4},"end":{"line":12,"column":5}},"8":{"start":{"line":11,"column":8},"end":{"line":11,"column":20}},"9":{"start":{"line":14,"column":29},"end":{"line":26,"column":50}},"10":{"start":{"line":20,"column":16},"end":{"line":20,"column":55}},"11":{"start":{"line":21,"column":16},"end":{"line":21,"column":27}},"12":{"start":{"line":26,"column":22},"end":{"line":26,"column":49}},"13":{"start":{"line":28,"column":4},"end":{"line":28,"column":75}},"14":{"start":{"line":28,"column":42},"end":{"line":28,"column":73}},"15":{"start":{"line":31,"column":46},"end":{"line":42,"column":1}},"16":{"start":{"line":32,"column":28},"end":{"line":32,"column":68}},"17":{"start":{"line":33,"column":4},"end":{"line":35,"column":5}},"18":{"start":{"line":34,"column":8},"end":{"line":34,"column":20}},"19":{"start":{"line":37,"column":4},"end":{"line":41,"column":15}},"20":{"start":{"line":38,"column":19},"end":{"line":38,"column":66}},"21":{"start":{"line":39,"column":21},"end":{"line":39,"column":70}},"22":{"start":{"line":40,"column":8},"end":{"line":40,"column":66}},"23":{"start":{"line":44,"column":37},"end":{"line":50,"column":1}},"24":{"start":{"line":45,"column":4},"end":{"line":47,"column":5}},"25":{"start":{"line":46,"column":8},"end":{"line":46,"column":18}},"26":{"start":{"line":49,"column":4},"end":{"line":49,"column":79}},"27":{"start":{"line":52,"column":42},"end":{"line":93,"column":1}},"28":{"start":{"line":53,"column":35},"end":{"line":53,"column":42}},"29":{"start":{"line":54,"column":21},"end":{"line":54,"column":23}},"30":{"start":{"line":56,"column":4},"end":{"line":64,"column":5}},"31":{"start":{"line":57,"column":8},"end":{"line":57,"column":59}},"32":{"start":{"line":59,"column":8},"end":{"line":63,"column":9}},"33":{"start":{"line":60,"column":12},"end":{"line":60,"column":48}},"34":{"start":{"line":61,"column":15},"end":{"line":63,"column":9}},"35":{"start":{"line":62,"column":12},"end":{"line":62,"column":48}},"36":{"start":{"line":66,"column":4},"end":{"line":68,"column":5}},"37":{"start":{"line":67,"column":8},"end":{"line":67,"column":44}},"38":{"start":{"line":70,"column":20},"end":{"line":70,"column":22}},"39":{"start":{"line":71,"column":4},"end":{"line":73,"column":5}},"40":{"start":{"line":72,"column":8},"end":{"line":72,"column":75}},"41":{"start":{"line":74,"column":4},"end":{"line":74,"column":129}},"42":{"start":{"line":76,"column":25},"end":{"line":76,"column":53}},"43":{"start":{"line":77,"column":4},"end":{"line":79,"column":5}},"44":{"start":{"line":78,"column":8},"end":{"line":78,"column":77}},"45":{"start":{"line":81,"column":4},"end":{"line":83,"column":5}},"46":{"start":{"line":82,"column":8},"end":{"line":82,"column":44}},"47":{"start":{"line":85,"column":4},"end":{"line":90,"column":5}},"48":{"start":{"line":86,"column":8},"end":{"line":89,"column":22}},"49":{"start":{"line":88,"column":46},"end":{"line":88,"column":144}},"50":{"start":{"line":92,"column":4},"end":{"line":92,"column":33}},"51":{"start":{"line":95,"column":41},"end":{"line":106,"column":1}},"52":{"start":{"line":96,"column":25},"end":{"line":96,"column":53}},"53":{"start":{"line":97,"column":4},"end":{"line":99,"column":5}},"54":{"start":{"line":98,"column":8},"end":{"line":98,"column":28}},"55":{"start":{"line":101,"column":4},"end":{"line":103,"column":5}},"56":{"start":{"line":102,"column":8},"end":{"line":102,"column":47}},"57":{"start":{"line":105,"column":4},"end":{"line":105,"column":14}}},"fnMap":{"0":{"name":"(anonymous_0)","decl":{"start":{"line":1,"column":34},"end":{"line":1,"column":35}},"loc":{"start":{"line":1,"column":46},"end":{"line":4,"column":1}},"line":1},"1":{"name":"(anonymous_1)","decl":{"start":{"line":6,"column":32},"end":{"line":6,"column":33}},"loc":{"start":{"line":6,"column":44},"end":{"line":6,"column":80}},"line":6},"2":{"name":"(anonymous_2)","decl":{"start":{"line":8,"column":44},"end":{"line":8,"column":45}},"loc":{"start":{"line":8,"column":65},"end":{"line":29,"column":1}},"line":8},"3":{"name":"(anonymous_3)","decl":{"start":{"line":19,"column":38},"end":{"line":19,"column":39}},"loc":{"start":{"line":19,"column":55},"end":{"line":22,"column":13}},"line":19},"4":{"name":"(anonymous_4)","decl":{"start":{"line":26,"column":13},"end":{"line":26,"column":14}},"loc":{"start":{"line":26,"column":22},"end":{"line":26,"column":49}},"line":26},"5":{"name":"(anonymous_5)","decl":{"start":{"line":28,"column":33},"end":{"line":28,"column":34}},"loc":{"start":{"line":28,"column":42},"end":{"line":28,"column":73}},"line":28},"6":{"name":"(anonymous_6)","decl":{"start":{"line":31,"column":46},"end":{"line":31,"column":47}},"loc":{"start":{"line":31,"column":69},"end":{"line":42,"column":1}},"line":31},"7":{"name":"(anonymous_7)","decl":{"start":{"line":37,"column":27},"end":{"line":37,"column":28}},"loc":{"start":{"line":37,"column":39},"end":{"line":41,"column":5}},"line":37},"8":{"name":"(anonymous_8)","decl":{"start":{"line":44,"column":37},"end":{"line":44,"column":38}},"loc":{"start":{"line":44,"column":50},"end":{"line":50,"column":1}},"line":44},"9":{"name":"(anonymous_9)","decl":{"start":{"line":52,"column":42},"end":{"line":52,"column":43}},"loc":{"start":{"line":52,"column":73},"end":{"line":93,"column":1}},"line":52},"10":{"name":"(anonymous_10)","decl":{"start":{"line":88,"column":36},"end":{"line":88,"column":37}},"loc":{"start":{"line":88,"column":46},"end":{"line":88,"column":144}},"line":88},"11":{"name":"(anonymous_11)","decl":{"start":{"line":95,"column":41},"end":{"line":95,"column":42}},"loc":{"start":{"line":95,"column":53},"end":{"line":106,"column":1}},"line":95}},"branchMap":{"0":{"loc":{"start":{"line":2,"column":26},"end":{"line":2,"column":110}},"type":"cond-expr","locations":[{"start":{"line":2,"column":67},"end":{"line":2,"column":105}},{"start":{"line":2,"column":108},"end":{"line":2,"column":110}}],"line":2},"1":{"loc":{"start":{"line":6,"column":44},"end":{"line":6,"column":80}},"type":"binary-expr","locations":[{"start":{"line":6,"column":44},"end":{"line":6,"column":58}},{"start":{"line":6,"column":62},"end":{"line":6,"column":74}},{"start":{"line":6,"column":78},"end":{"line":6,"column":80}}],"line":6},"2":{"loc":{"start":{"line":9,"column":35},"end":{"line":9,"column":46}},"type":"binary-expr","locations":[{"start":{"line":9,"column":35},"end":{"line":9,"column":40}},{"start":{"line":9,"column":44},"end":{"line":9,"column":46}}],"line":9},"3":{"loc":{"start":{"line":10,"column":4},"end":{"line":12,"column":5}},"type":"if","locations":[{"start":{"line":10,"column":4},"end":{"line":12,"column":5}},{"start":{},"end":{}}],"line":10},"4":{"loc":{"start":{"line":17,"column":12},"end":{"line":17,"column":80}},"type":"cond-expr","locations":[{"start":{"line":17,"column":53},"end":{"line":17,"column":75}},{"start":{"line":17,"column":78},"end":{"line":17,"column":80}}],"line":17},"5":{"loc":{"start":{"line":18,"column":12},"end":{"line":23,"column":16}},"type":"cond-expr","locations":[{"start":{"line":19,"column":14},"end":{"line":22,"column":18}},{"start":{"line":23,"column":14},"end":{"line":23,"column":16}}],"line":18},"6":{"loc":{"start":{"line":32,"column":35},"end":{"line":32,"column":46}},"type":"binary-expr","locations":[{"start":{"line":32,"column":35},"end":{"line":32,"column":40}},{"start":{"line":32,"column":44},"end":{"line":32,"column":46}}],"line":32},"7":{"loc":{"start":{"line":33,"column":4},"end":{"line":35,"column":5}},"type":"if","locations":[{"start":{"line":33,"column":4},"end":{"line":35,"column":5}},{"start":{},"end":{}}],"line":33},"8":{"loc":{"start":{"line":33,"column":8},"end":{"line":33,"column":54}},"type":"binary-expr","locations":[{"start":{"line":33,"column":8},"end":{"line":33,"column":24}},{"start":{"line":33,"column":28},"end":{"line":33,"column":54}}],"line":33},"9":{"loc":{"start":{"line":37,"column":11},"end":{"line":41,"column":14}},"type":"binary-expr","locations":[{"start":{"line":37,"column":11},"end":{"line":41,"column":6}},{"start":{"line":41,"column":10},"end":{"line":41,"column":14}}],"line":37},"10":{"loc":{"start":{"line":38,"column":26},"end":{"line":38,"column":44}},"type":"binary-expr","locations":[{"start":{"line":38,"column":26},"end":{"line":38,"column":38}},{"start":{"line":38,"column":42},"end":{"line":38,"column":44}}],"line":38},"11":{"loc":{"start":{"line":39,"column":28},"end":{"line":39,"column":48}},"type":"binary-expr","locations":[{"start":{"line":39,"column":28},"end":{"line":39,"column":42}},{"start":{"line":39,"column":46},"end":{"line":39,"column":48}}],"line":39},"12":{"loc":{"start":{"line":40,"column":15},"end":{"line":40,"column":65}},"type":"binary-expr","locations":[{"start":{"line":40,"column":15},"end":{"line":40,"column":37}},{"start":{"line":40,"column":41},"end":{"line":40,"column":65}}],"line":40},"13":{"loc":{"start":{"line":45,"column":4},"end":{"line":47,"column":5}},"type":"if","locations":[{"start":{"line":45,"column":4},"end":{"line":47,"column":5}},{"start":{},"end":{}}],"line":45},"14":{"loc":{"start":{"line":52,"column":56},"end":{"line":52,"column":68}},"type":"default-arg","locations":[{"start":{"line":52,"column":66},"end":{"line":52,"column":68}}],"line":52},"15":{"loc":{"start":{"line":53,"column":11},"end":{"line":53,"column":31}},"type":"default-arg","locations":[{"start":{"line":53,"column":27},"end":{"line":53,"column":31}}],"line":53},"16":{"loc":{"start":{"line":56,"column":4},"end":{"line":64,"column":5}},"type":"if","locations":[{"start":{"line":56,"column":4},"end":{"line":64,"column":5}},{"start":{},"end":{}}],"line":56},"17":{"loc":{"start":{"line":59,"column":8},"end":{"line":63,"column":9}},"type":"if","locations":[{"start":{"line":59,"column":8},"end":{"line":63,"column":9}},{"start":{"line":61,"column":15},"end":{"line":63,"column":9}}],"line":59},"18":{"loc":{"start":{"line":59,"column":12},"end":{"line":59,"column":74}},"type":"binary-expr","locations":[{"start":{"line":59,"column":12},"end":{"line":59,"column":24}},{"start":{"line":59,"column":28},"end":{"line":59,"column":41}},{"start":{"line":59,"column":45},"end":{"line":59,"column":74}}],"line":59},"19":{"loc":{"start":{"line":61,"column":15},"end":{"line":63,"column":9}},"type":"if","locations":[{"start":{"line":61,"column":15},"end":{"line":63,"column":9}},{"start":{},"end":{}}],"line":61},"20":{"loc":{"start":{"line":66,"column":4},"end":{"line":68,"column":5}},"type":"if","locations":[{"start":{"line":66,"column":4},"end":{"line":68,"column":5}},{"start":{},"end":{}}],"line":66},"21":{"loc":{"start":{"line":71,"column":4},"end":{"line":73,"column":5}},"type":"if","locations":[{"start":{"line":71,"column":4},"end":{"line":73,"column":5}},{"start":{},"end":{}}],"line":71},"22":{"loc":{"start":{"line":74,"column":54},"end":{"line":74,"column":125}},"type":"cond-expr","locations":[{"start":{"line":74,"column":75},"end":{"line":74,"column":99}},{"start":{"line":74,"column":102},"end":{"line":74,"column":125}}],"line":74},"23":{"loc":{"start":{"line":77,"column":4},"end":{"line":79,"column":5}},"type":"if","locations":[{"start":{"line":77,"column":4},"end":{"line":79,"column":5}},{"start":{},"end":{}}],"line":77},"24":{"loc":{"start":{"line":81,"column":4},"end":{"line":83,"column":5}},"type":"if","locations":[{"start":{"line":81,"column":4},"end":{"line":83,"column":5}},{"start":{},"end":{}}],"line":81},"25":{"loc":{"start":{"line":85,"column":4},"end":{"line":90,"column":5}},"type":"if","locations":[{"start":{"line":85,"column":4},"end":{"line":90,"column":5}},{"start":{},"end":{}}],"line":85},"26":{"loc":{"start":{"line":85,"column":8},"end":{"line":85,"column":71}},"type":"binary-expr","locations":[{"start":{"line":85,"column":8},"end":{"line":85,"column":40}},{"start":{"line":85,"column":44},"end":{"line":85,"column":71}}],"line":85},"27":{"loc":{"start":{"line":88,"column":70},"end":{"line":88,"column":142}},"type":"cond-expr","locations":[{"start":{"line":88,"column":118},"end":{"line":88,"column":137}},{"start":{"line":88,"column":140},"end":{"line":88,"column":142}}],"line":88},"28":{"loc":{"start":{"line":88,"column":70},"end":{"line":88,"column":115}},"type":"binary-expr","locations":[{"start":{"line":88,"column":70},"end":{"line":88,"column":82}},{"start":{"line":88,"column":86},"end":{"line":88,"column":115}}],"line":88},"29":{"loc":{"start":{"line":97,"column":4},"end":{"line":99,"column":5}},"type":"if","locations":[{"start":{"line":97,"column":4},"end":{"line":99,"column":5}},{"start":{},"end":{}}],"line":97},"30":{"loc":{"start":{"line":101,"column":4},"end":{"line":103,"column":5}},"type":"if","locations":[{"start":{"line":101,"column":4},"end":{"line":103,"column":5}},{"start":{},"end":{}}],"line":101},"31":{"loc":{"start":{"line":101,"column":8},"end":{"line":101,"column":73}},"type":"binary-expr","locations":[{"start":{"line":101,"column":8},"end":{"line":101,"column":40}},{"start":{"line":101,"column":44},"end":{"line":101,"column":73}}],"line":101},"32":{"loc":{"start":{"line":102,"column":15},"end":{"line":102,"column":46}},"type":"binary-expr","locations":[{"start":{"line":102,"column":15},"end":{"line":102,"column":40}},{"start":{"line":102,"column":44},"end":{"line":102,"column":46}}],"line":102}},"s":{"0":2,"1":0,"2":0,"3":2,"4":0,"5":2,"6":4,"7":4,"8":0,"9":4,"10":4,"11":4,"12":20,"13":4,"14":13,"15":2,"16":3,"17":3,"18":0,"19":3,"20":3,"21":3,"22":3,"23":2,"24":0,"25":0,"26":0,"27":2,"28":0,"29":0,"30":0,"31":0,"32":0,"33":0,"34":0,"35":0,"36":0,"37":0,"38":0,"39":0,"40":0,"41":0,"42":0,"43":0,"44":0,"45":0,"46":0,"47":0,"48":0,"49":0,"50":0,"51":2,"52":0,"53":0,"54":0,"55":0,"56":0,"57":0},"f":{"0":0,"1":0,"2":4,"3":4,"4":20,"5":13,"6":3,"7":3,"8":0,"9":0,"10":0,"11":0},"b":{"0":[0,0],"1":[0,0,0],"2":[4,0],"3":[0,4],"4":[4,0],"5":[4,0],"6":[3,0],"7":[0,3],"8":[3,3],"9":[3,1],"10":[3,0],"11":[3,0],"12":[3,2],"13":[0,0],"14":[0],"15":[0],"16":[0,0],"17":[0,0],"18":[0,0,0],"19":[0,0],"20":[0,0],"21":[0,0],"22":[0,0],"23":[0,0],"24":[0,0],"25":[0,0],"26":[0,0],"27":[0,0],"28":[0,0],"29":[0,0],"30":[0,0],"31":[0,0],"32":[0,0]},"_coverageSchema":"1a1c01bbd47fc00a2c39e90264f33305004495a9","hash":"3e335b6fc7485a71ba2b7db49d87d205875b8e3c"}
}
