TN:
SF:src/javascript/osgiConfigManager/App/api/osgiService.ts
FN:91,(anonymous_14)
FN:91,(anonymous_15)
FN:109,(anonymous_17)
FN:117,(anonymous_20)
FN:117,(anonymous_21)
FN:121,(anonymous_23)
FN:125,(anonymous_26)
FN:125,(anonymous_27)
FN:133,(anonymous_29)
FN:133,(anonymous_30)
FN:141,(anonymous_32)
FN:141,(anonymous_33)
FN:149,(anonymous_35)
FN:149,(anonymous_36)
FN:157,(anonymous_38)
FN:157,(anonymous_39)
FN:165,(anonymous_41)
FN:165,(anonymous_42)
FN:173,(anonymous_44)
FN:173,(anonymous_45)
FN:181,(anonymous_47)
FN:181,(anonymous_48)
FN:189,(anonymous_50)
FN:189,(anonymous_51)
FN:193,(anonymous_53)
FN:193,(anonymous_54)
FNF:26
FNH:7
FNDA:5,(anonymous_14)
FNDA:5,(anonymous_15)
FNDA:3,(anonymous_17)
FNDA:1,(anonymous_20)
FNDA:1,(anonymous_21)
FNDA:0,(anonymous_23)
FNDA:1,(anonymous_26)
FNDA:1,(anonymous_27)
FNDA:0,(anonymous_29)
FNDA:0,(anonymous_30)
FNDA:0,(anonymous_32)
FNDA:0,(anonymous_33)
FNDA:0,(anonymous_35)
FNDA:0,(anonymous_36)
FNDA:0,(anonymous_38)
FNDA:0,(anonymous_39)
FNDA:0,(anonymous_41)
FNDA:0,(anonymous_42)
FNDA:0,(anonymous_44)
FNDA:0,(anonymous_45)
FNDA:0,(anonymous_47)
FNDA:0,(anonymous_48)
FNDA:0,(anonymous_50)
FNDA:0,(anonymous_51)
FNDA:0,(anonymous_53)
FNDA:0,(anonymous_54)
DA:89,2
DA:91,5
DA:94,5
DA:95,9
DA:96,2
DA:97,0
DA:98,0
DA:100,1
DA:101,1
DA:103,4
DA:106,2
DA:109,5
DA:110,3
DA:111,3
DA:112,1
DA:114,3
DA:117,1
DA:118,1
DA:121,0
DA:122,0
DA:125,1
DA:126,1
DA:133,0
DA:134,0
DA:141,0
DA:142,0
DA:149,0
DA:150,0
DA:157,0
DA:158,0
DA:165,0
DA:166,0
DA:173,0
DA:174,0
DA:181,0
DA:182,0
DA:189,0
DA:190,0
DA:193,0
DA:194,0
LF:40
LH:18
BRDA:89,0,0,2
BRDA:89,0,1,0
BRDA:100,1,0,1
BRDA:100,1,1,4
BRDA:94,2,0,0
BRDA:94,2,1,5
BRDA:94,3,0,5
BRDA:94,3,1,5
BRDA:95,4,0,4
BRDA:96,5,0,1
BRDA:98,6,0,0
BRDA:98,6,1,0
BRDA:101,7,0,1
BRDA:101,7,1,0
BRDA:109,8,0,2
BRDA:109,9,0,2
BRDA:114,10,0,3
BRDA:111,11,0,1
BRDA:111,12,0,3
BRDA:111,12,1,1
BRDA:118,13,0,1
BRDA:122,14,0,0
BRDA:126,15,0,1
BRDA:134,16,0,0
BRDA:142,17,0,0
BRDA:150,18,0,0
BRDA:158,19,0,0
BRDA:166,20,0,0
BRDA:174,21,0,0
BRDA:182,22,0,0
BRDA:190,23,0,0
BRDA:194,24,0,0
BRF:32
BRH:17
end_of_record
TN:
SF:src/javascript/osgiConfigManager/App/components/AppChrome.jsx
FN:84,(anonymous_0)
FN:109,(anonymous_1)
FN:126,(anonymous_2)
FN:150,(anonymous_3)
FN:161,(anonymous_4)
FN:163,(anonymous_5)
FN:187,(anonymous_6)
FN:193,(anonymous_7)
FNF:8
FNH:0
FNDA:0,(anonymous_0)
FNDA:0,(anonymous_1)
FNDA:0,(anonymous_2)
FNDA:0,(anonymous_3)
FNDA:0,(anonymous_4)
FNDA:0,(anonymous_5)
FNDA:0,(anonymous_6)
FNDA:0,(anonymous_7)
DA:5,1
DA:19,1
DA:28,1
DA:35,1
DA:45,1
DA:51,1
DA:61,1
DA:71,1
DA:84,1
DA:91,1
DA:109,1
DA:110,0
DA:126,1
DA:127,0
DA:128,0
DA:130,0
DA:150,1
DA:158,0
DA:159,0
DA:161,0
DA:163,0
DA:164,0
DA:165,0
DA:166,0
DA:169,0
DA:170,0
DA:171,0
DA:174,0
DA:175,0
DA:176,0
DA:177,0
DA:180,0
DA:181,0
DA:187,0
DA:188,0
DA:189,0
DA:192,0
DA:193,0
DA:196,0
LF:39
LH:13
BRDA:87,0,0,0
BRDA:87,0,1,0
BRDA:122,1,0,0
BRDA:122,1,1,0
BRDA:126,2,0,0
BRDA:127,3,0,0
BRDA:127,3,1,0
BRDA:128,4,0,0
BRDA:128,4,1,0
BRDA:153,5,0,0
BRDA:154,6,0,0
BRDA:155,7,0,0
BRDA:156,8,0,0
BRDA:164,9,0,0
BRDA:164,9,1,0
BRDA:169,10,0,0
BRDA:169,10,1,0
BRDA:170,11,0,0
BRDA:170,11,1,0
BRDA:174,12,0,0
BRDA:174,12,1,0
BRDA:175,13,0,0
BRDA:175,13,1,0
BRDA:188,14,0,0
BRDA:188,14,1,0
BRDA:215,15,0,0
BRDA:215,15,1,0
BRF:27
BRH:0
end_of_record
TN:
SF:src/javascript/osgiConfigManager/App/components/CfgEditor.jsx
FN:65,(anonymous_0)
FN:73,(anonymous_1)
FN:152,(anonymous_2)
FN:182,(anonymous_3)
FN:185,(anonymous_4)
FN:192,(anonymous_5)
FN:196,(anonymous_6)
FN:202,(anonymous_7)
FN:208,(anonymous_8)
FN:226,(anonymous_9)
FN:248,(anonymous_10)
FN:276,(anonymous_11)
FN:282,(anonymous_12)
FN:299,(anonymous_13)
FN:300,(anonymous_14)
FN:310,(anonymous_15)
FN:314,(anonymous_16)
FN:316,(anonymous_17)
FN:324,(anonymous_18)
FN:326,(anonymous_19)
FN:327,(anonymous_20)
FN:331,(anonymous_21)
FN:332,(anonymous_22)
FN:335,(anonymous_23)
FN:336,(anonymous_24)
FN:345,(anonymous_25)
FN:350,(anonymous_26)
FN:373,(anonymous_27)
FN:385,(anonymous_28)
FN:390,(anonymous_29)
FN:398,(anonymous_30)
FN:402,(anonymous_31)
FN:415,(anonymous_32)
FN:431,(anonymous_33)
FN:440,(anonymous_34)
FN:465,(anonymous_35)
FN:469,(anonymous_36)
FN:506,(anonymous_37)
FN:507,(anonymous_38)
FN:508,(anonymous_39)
FN:509,(anonymous_40)
FN:539,(anonymous_41)
FN:541,(anonymous_42)
FN:542,(anonymous_43)
FN:571,(anonymous_44)
FN:574,(anonymous_45)
FN:575,(anonymous_46)
FN:611,(anonymous_47)
FN:612,(anonymous_48)
FN:617,(anonymous_49)
FN:619,(anonymous_50)
FN:623,(anonymous_51)
FN:625,(anonymous_52)
FN:628,(anonymous_53)
FN:629,(anonymous_54)
FN:637,(anonymous_55)
FN:640,(anonymous_56)
FN:641,(anonymous_57)
FN:653,(anonymous_58)
FN:667,(anonymous_59)
FN:684,(anonymous_60)
FN:704,(anonymous_61)
FN:705,(anonymous_62)
FN:706,(anonymous_63)
FN:712,(anonymous_64)
FN:713,(anonymous_65)
FN:714,(anonymous_66)
FNF:67
FNH:18
FNDA:6,(anonymous_0)
FNDA:2,(anonymous_1)
FNDA:2,(anonymous_2)
FNDA:5,(anonymous_3)
FNDA:5,(anonymous_4)
FNDA:5,(anonymous_5)
FNDA:5,(anonymous_6)
FNDA:0,(anonymous_7)
FNDA:0,(anonymous_8)
FNDA:0,(anonymous_9)
FNDA:2,(anonymous_10)
FNDA:5,(anonymous_11)
FNDA:0,(anonymous_12)
FNDA:0,(anonymous_13)
FNDA:0,(anonymous_14)
FNDA:0,(anonymous_15)
FNDA:2,(anonymous_16)
FNDA:0,(anonymous_17)
FNDA:2,(anonymous_18)
FNDA:5,(anonymous_19)
FNDA:2,(anonymous_20)
FNDA:2,(anonymous_21)
FNDA:0,(anonymous_22)
FNDA:0,(anonymous_23)
FNDA:0,(anonymous_24)
FNDA:0,(anonymous_25)
FNDA:0,(anonymous_26)
FNDA:0,(anonymous_27)
FNDA:0,(anonymous_28)
FNDA:0,(anonymous_29)
FNDA:0,(anonymous_30)
FNDA:0,(anonymous_31)
FNDA:0,(anonymous_32)
FNDA:0,(anonymous_33)
FNDA:0,(anonymous_34)
FNDA:0,(anonymous_35)
FNDA:5,(anonymous_36)
FNDA:0,(anonymous_37)
FNDA:0,(anonymous_38)
FNDA:0,(anonymous_39)
FNDA:0,(anonymous_40)
FNDA:1,(anonymous_41)
FNDA:0,(anonymous_42)
FNDA:0,(anonymous_43)
FNDA:2,(anonymous_44)
FNDA:0,(anonymous_45)
FNDA:0,(anonymous_46)
FNDA:0,(anonymous_47)
FNDA:0,(anonymous_48)
FNDA:0,(anonymous_49)
FNDA:0,(anonymous_50)
FNDA:0,(anonymous_51)
FNDA:0,(anonymous_52)
FNDA:0,(anonymous_53)
FNDA:0,(anonymous_54)
FNDA:2,(anonymous_55)
FNDA:0,(anonymous_56)
FNDA:0,(anonymous_57)
FNDA:0,(anonymous_58)
FNDA:0,(anonymous_59)
FNDA:0,(anonymous_60)
FNDA:0,(anonymous_61)
FNDA:0,(anonymous_62)
FNDA:0,(anonymous_63)
FNDA:0,(anonymous_64)
FNDA:0,(anonymous_65)
FNDA:0,(anonymous_66)
DA:26,1
DA:35,1
DA:40,1
DA:47,1
DA:53,1
DA:63,1
DA:65,1
DA:66,6
DA:73,1
DA:84,2
DA:152,1
DA:153,2
DA:182,1
DA:183,5
DA:185,5
DA:186,5
DA:187,5
DA:188,5
DA:192,5
DA:193,5
DA:196,5
DA:197,5
DA:198,5
DA:202,5
DA:203,0
DA:204,0
DA:208,5
DA:209,0
DA:210,0
DA:212,0
DA:213,0
DA:216,5
DA:226,0
DA:248,1
DA:265,2
DA:266,2
DA:267,2
DA:268,2
DA:269,2
DA:270,2
DA:273,2
DA:276,2
DA:277,5
DA:278,5
DA:282,2
DA:283,0
DA:284,0
DA:285,0
DA:287,0
DA:288,0
DA:289,0
DA:299,2
DA:300,0
DA:301,0
DA:303,0
DA:304,0
DA:306,0
DA:310,2
DA:311,0
DA:314,2
DA:315,2
DA:316,2
DA:317,0
DA:318,0
DA:321,2
DA:324,2
DA:326,5
DA:327,2
DA:331,2
DA:332,2
DA:335,2
DA:336,0
DA:337,0
DA:338,0
DA:339,0
DA:340,0
DA:345,2
DA:346,0
DA:347,0
DA:350,0
DA:351,0
DA:352,0
DA:353,0
DA:356,0
DA:357,0
DA:358,0
DA:359,0
DA:362,0
DA:363,0
DA:368,0
DA:369,0
DA:373,2
DA:376,0
DA:377,0
DA:378,0
DA:381,0
DA:382,0
DA:385,2
DA:386,0
DA:387,0
DA:390,2
DA:391,0
DA:392,0
DA:393,0
DA:395,0
DA:398,2
DA:399,0
DA:402,2
DA:403,0
DA:405,0
DA:406,0
DA:407,0
DA:408,0
DA:411,0
DA:416,0
DA:417,0
DA:420,0
DA:424,0
DA:425,0
DA:427,0
DA:429,0
DA:431,0
DA:432,0
DA:433,0
DA:435,0
DA:436,0
DA:440,2
DA:441,0
DA:444,2
DA:465,0
DA:472,5
DA:474,5
DA:475,1
DA:477,4
DA:478,1
DA:480,3
DA:481,3
DA:483,3
DA:484,3
DA:485,3
DA:487,3
DA:488,3
DA:490,3
DA:499,3
DA:506,0
DA:507,0
DA:508,0
DA:509,0
DA:539,1
DA:541,0
DA:542,0
DA:571,2
DA:574,0
DA:575,0
DA:611,0
DA:612,0
DA:617,0
DA:619,0
DA:623,0
DA:625,0
DA:628,0
DA:629,0
DA:637,2
DA:640,0
DA:641,0
DA:653,0
DA:670,0
DA:685,0
DA:686,0
DA:704,0
DA:705,0
DA:706,0
DA:712,0
DA:713,0
DA:714,0
LF:175
LH:75
BRDA:107,0,0,2
BRDA:107,0,1,1
BRDA:129,1,0,2
BRDA:129,1,1,1
BRDA:135,2,0,1
BRDA:135,2,1,0
BRDA:143,3,0,1
BRDA:143,3,1,0
BRDA:186,4,0,5
BRDA:186,4,1,0
BRDA:197,5,0,5
BRDA:197,5,1,0
BRDA:197,6,0,5
BRDA:197,6,1,5
BRDA:203,7,0,0
BRDA:203,7,1,0
BRDA:203,8,0,0
BRDA:203,8,1,0
BRDA:209,9,0,0
BRDA:209,9,1,0
BRDA:277,10,0,3
BRDA:277,10,1,2
BRDA:283,11,0,0
BRDA:283,11,1,0
BRDA:288,12,0,0
BRDA:288,12,1,0
BRDA:288,13,0,0
BRDA:288,13,1,0
BRDA:303,14,0,0
BRDA:303,14,1,0
BRDA:316,15,0,2
BRDA:316,15,1,2
BRDA:317,16,0,0
BRDA:317,16,1,0
BRDA:325,17,0,2
BRDA:325,17,1,0
BRDA:326,18,0,5
BRDA:326,18,1,5
BRDA:327,19,0,2
BRDA:327,19,1,2
BRDA:332,20,0,2
BRDA:332,20,1,2
BRDA:332,21,0,0
BRDA:332,21,1,0
BRDA:338,22,0,0
BRDA:338,22,1,0
BRDA:346,23,0,0
BRDA:346,23,1,0
BRDA:351,24,0,0
BRDA:351,24,1,0
BRDA:352,25,0,0
BRDA:352,25,1,0
BRDA:353,26,0,0
BRDA:353,26,1,0
BRDA:356,27,0,0
BRDA:356,27,1,0
BRDA:362,28,0,0
BRDA:362,28,1,0
BRDA:362,29,0,0
BRDA:362,29,1,0
BRDA:366,30,0,0
BRDA:366,30,1,0
BRDA:376,31,0,0
BRDA:376,31,1,0
BRDA:392,32,0,0
BRDA:392,32,1,0
BRDA:392,33,0,0
BRDA:392,33,1,0
BRDA:403,34,0,0
BRDA:403,34,1,0
BRDA:403,35,0,0
BRDA:403,35,1,0
BRDA:405,36,0,0
BRDA:405,36,1,0
BRDA:406,37,0,0
BRDA:406,37,1,0
BRDA:406,38,0,0
BRDA:406,38,1,0
BRDA:416,39,0,0
BRDA:416,39,1,0
BRDA:427,40,0,0
BRDA:427,40,1,0
BRDA:429,41,0,0
BRDA:429,41,1,0
BRDA:433,42,0,0
BRDA:433,42,1,0
BRDA:435,43,0,0
BRDA:435,43,1,0
BRDA:435,44,0,0
BRDA:435,44,1,0
BRDA:446,45,0,2
BRDA:446,45,1,0
BRDA:469,46,0,2
BRDA:469,46,1,2
BRDA:472,47,0,5
BRDA:472,47,1,5
BRDA:474,48,0,1
BRDA:474,48,1,4
BRDA:474,49,0,5
BRDA:474,49,1,3
BRDA:477,50,0,1
BRDA:477,50,1,3
BRDA:477,51,0,4
BRDA:477,51,1,2
BRDA:480,52,0,3
BRDA:480,52,1,3
BRDA:480,52,2,1
BRDA:481,53,0,3
BRDA:481,53,1,3
BRDA:481,53,2,0
BRDA:487,54,0,1
BRDA:487,54,1,2
BRDA:487,55,0,3
BRDA:487,55,1,1
BRDA:492,56,0,0
BRDA:492,56,1,3
BRDA:504,57,0,0
BRDA:504,57,1,3
BRDA:516,58,0,3
BRDA:516,58,1,1
BRDA:519,59,0,1
BRDA:519,59,1,2
BRDA:556,60,0,0
BRDA:556,60,1,2
BRDA:580,61,0,2
BRDA:580,61,1,0
BRDA:611,62,0,0
BRDA:611,62,1,0
BRDA:611,63,0,0
BRDA:611,63,1,0
BRDA:614,64,0,0
BRDA:614,64,1,2
BRDA:631,65,0,0
BRDA:631,65,1,0
BRDA:648,66,0,2
BRDA:648,66,1,0
BRDA:649,67,0,0
BRDA:649,67,1,0
BRDA:652,68,0,0
BRDA:652,68,1,0
BRDA:655,69,0,0
BRDA:655,69,1,0
BRDA:666,70,0,2
BRDA:666,70,1,2
BRF:144
BRH:55
end_of_record
TN:
SF:src/javascript/osgiConfigManager/App/components/ConfigStateBadge.jsx
FN:26,(anonymous_0)
FN:36,(anonymous_1)
FNF:2
FNH:2
FNDA:3,(anonymous_0)
FNDA:3,(anonymous_1)
DA:5,1
DA:26,1
DA:27,3
DA:36,1
DA:37,3
DA:38,3
DA:39,3
DA:40,3
DA:41,3
DA:43,3
DA:44,1
DA:47,2
LF:12
LH:12
BRDA:36,0,0,2
BRDA:36,1,0,2
BRDA:38,2,0,2
BRDA:38,2,1,1
BRDA:40,3,0,1
BRDA:40,3,1,2
BRDA:43,4,0,1
BRDA:43,4,1,2
BRF:8
BRH:8
end_of_record
TN:
SF:src/javascript/osgiConfigManager/App/hooks/useOsgiConfigs.ts
FN:38,(anonymous_25)
FN:54,(anonymous_26)
FN:83,(anonymous_27)
FN:92,(anonymous_28)
FN:101,(anonymous_31)
FN:106,(anonymous_32)
FN:129,(anonymous_33)
FN:129,(anonymous_34)
FN:137,(anonymous_36)
FN:160,(anonymous_37)
FN:170,(anonymous_38)
FN:170,(anonymous_39)
FN:172,(anonymous_41)
FN:184,(anonymous_42)
FN:185,(anonymous_43)
FN:221,(anonymous_44)
FN:222,(anonymous_45)
FN:234,(anonymous_46)
FN:237,(anonymous_47)
FN:261,(anonymous_48)
FN:262,(anonymous_49)
FN:290,(anonymous_52)
FN:290,(anonymous_53)
FN:292,(anonymous_55)
FN:307,(anonymous_56)
FN:307,(anonymous_57)
FN:317,(anonymous_59)
FN:317,(anonymous_60)
FN:345,(anonymous_62)
FN:373,(anonymous_63)
FN:381,(anonymous_64)
FN:402,(anonymous_65)
FN:405,(anonymous_66)
FN:405,(anonymous_67)
FN:407,(anonymous_69)
FN:417,(anonymous_70)
FN:417,(anonymous_71)
FN:436,(anonymous_73)
FN:440,(anonymous_74)
FN:440,(anonymous_75)
FN:453,(anonymous_76)
FN:468,(anonymous_79)
FN:483,(anonymous_82)
FN:497,(anonymous_85)
FN:501,(anonymous_86)
FN:501,(anonymous_87)
FN:503,(anonymous_89)
FN:513,(anonymous_90)
FN:513,(anonymous_91)
FN:530,(anonymous_93)
FN:560,(anonymous_94)
FN:560,(anonymous_95)
FN:569,(anonymous_97)
FN:577,(anonymous_100)
FN:589,(anonymous_103)
FN:589,(anonymous_104)
FN:608,(anonymous_106)
FN:608,(anonymous_107)
FN:621,(anonymous_109)
FN:627,(anonymous_112)
FN:627,(anonymous_113)
FN:632,(anonymous_115)
FN:647,(anonymous_118)
FN:647,(anonymous_119)
FN:655,(anonymous_121)
FN:659,(anonymous_124)
FN:672,(anonymous_125)
FN:672,(anonymous_126)
FN:674,(anonymous_128)
FN:699,(anonymous_129)
FN:699,(anonymous_130)
FN:711,(anonymous_132)
FN:723,(anonymous_135)
FN:723,(anonymous_136)
FN:749,(anonymous_138)
FN:756,(anonymous_139)
FN:756,(anonymous_140)
FN:759,(anonymous_142)
FN:759,(anonymous_143)
FN:761,(anonymous_145)
FN:761,(anonymous_146)
FN:792,(anonymous_148)
FN:812,(anonymous_149)
FN:823,(anonymous_150)
FN:826,(anonymous_151)
FN:827,(anonymous_152)
FN:833,(anonymous_153)
FN:845,(anonymous_154)
FN:849,(anonymous_155)
FN:854,(anonymous_156)
FN:858,(anonymous_157)
FN:863,(anonymous_158)
FN:864,(anonymous_159)
FN:865,(anonymous_160)
FN:881,(anonymous_161)
FN:903,(anonymous_162)
FNF:96
FNH:28
FNDA:1,(anonymous_25)
FNDA:43,(anonymous_26)
FNDA:0,(anonymous_27)
FNDA:5,(anonymous_28)
FNDA:5,(anonymous_31)
FNDA:0,(anonymous_32)
FNDA:1,(anonymous_33)
FNDA:1,(anonymous_34)
FNDA:1,(anonymous_36)
FNDA:1,(anonymous_37)
FNDA:12,(anonymous_38)
FNDA:12,(anonymous_39)
FNDA:1,(anonymous_41)
FNDA:10,(anonymous_42)
FNDA:10,(anonymous_43)
FNDA:6,(anonymous_44)
FNDA:3,(anonymous_45)
FNDA:6,(anonymous_46)
FNDA:0,(anonymous_47)
FNDA:4,(anonymous_48)
FNDA:8,(anonymous_49)
FNDA:0,(anonymous_52)
FNDA:0,(anonymous_53)
FNDA:0,(anonymous_55)
FNDA:0,(anonymous_56)
FNDA:0,(anonymous_57)
FNDA:1,(anonymous_59)
FNDA:1,(anonymous_60)
FNDA:0,(anonymous_62)
FNDA:0,(anonymous_63)
FNDA:0,(anonymous_64)
FNDA:1,(anonymous_65)
FNDA:1,(anonymous_66)
FNDA:1,(anonymous_67)
FNDA:0,(anonymous_69)
FNDA:0,(anonymous_70)
FNDA:0,(anonymous_71)
FNDA:1,(anonymous_73)
FNDA:1,(anonymous_74)
FNDA:0,(anonymous_75)
FNDA:0,(anonymous_76)
FNDA:0,(anonymous_79)
FNDA:0,(anonymous_82)
FNDA:0,(anonymous_85)
FNDA:0,(anonymous_86)
FNDA:0,(anonymous_87)
FNDA:0,(anonymous_89)
FNDA:0,(anonymous_90)
FNDA:0,(anonymous_91)
FNDA:0,(anonymous_93)
FNDA:0,(anonymous_94)
FNDA:0,(anonymous_95)
FNDA:0,(anonymous_97)
FNDA:0,(anonymous_100)
FNDA:0,(anonymous_103)
FNDA:0,(anonymous_104)
FNDA:0,(anonymous_106)
FNDA:0,(anonymous_107)
FNDA:0,(anonymous_109)
FNDA:1,(anonymous_112)
FNDA:1,(anonymous_113)
FNDA:2,(anonymous_115)
FNDA:0,(anonymous_118)
FNDA:0,(anonymous_119)
FNDA:0,(anonymous_121)
FNDA:0,(anonymous_124)
FNDA:0,(anonymous_125)
FNDA:0,(anonymous_126)
FNDA:0,(anonymous_128)
FNDA:0,(anonymous_129)
FNDA:0,(anonymous_130)
FNDA:0,(anonymous_132)
FNDA:0,(anonymous_135)
FNDA:0,(anonymous_136)
FNDA:0,(anonymous_138)
FNDA:0,(anonymous_139)
FNDA:0,(anonymous_140)
FNDA:0,(anonymous_142)
FNDA:0,(anonymous_143)
FNDA:0,(anonymous_145)
FNDA:0,(anonymous_146)
FNDA:0,(anonymous_148)
FNDA:0,(anonymous_149)
FNDA:0,(anonymous_150)
FNDA:0,(anonymous_151)
FNDA:0,(anonymous_152)
FNDA:0,(anonymous_153)
FNDA:0,(anonymous_154)
FNDA:0,(anonymous_155)
FNDA:0,(anonymous_156)
FNDA:0,(anonymous_157)
FNDA:0,(anonymous_158)
FNDA:0,(anonymous_159)
FNDA:0,(anonymous_160)
FNDA:0,(anonymous_161)
FNDA:0,(anonymous_162)
DA:1,1
DA:2,1
DA:3,1
DA:4,1
DA:5,1
DA:6,1
DA:38,1
DA:39,1
DA:40,2
DA:41,1
DA:42,1
DA:43,0
DA:45,1
DA:46,0
DA:50,1
DA:54,1
DA:55,43
DA:56,43
DA:57,43
DA:58,43
DA:60,43
DA:61,43
DA:62,43
DA:63,43
DA:64,43
DA:65,43
DA:66,43
DA:67,43
DA:68,43
DA:69,43
DA:70,43
DA:71,43
DA:73,43
DA:74,43
DA:75,43
DA:76,43
DA:77,43
DA:78,43
DA:79,43
DA:80,43
DA:81,43
DA:82,43
DA:83,43
DA:84,43
DA:85,43
DA:87,43
DA:89,43
DA:90,43
DA:92,43
DA:93,5
DA:95,5
DA:96,5
DA:97,2
DA:99,5
DA:100,5
DA:101,5
DA:102,5
DA:103,4
DA:106,1
DA:107,1
DA:108,1
DA:111,0
DA:112,0
DA:113,0
DA:116,0
DA:124,0
DA:126,5
DA:129,43
DA:130,1
DA:131,1
DA:132,1
DA:134,1
DA:135,1
DA:136,1
DA:137,1
DA:138,1
DA:139,0
DA:142,1
DA:143,1
DA:144,1
DA:147,0
DA:156,1
DA:157,1
DA:159,1
DA:160,2
DA:161,1
DA:162,0
DA:164,0
DA:166,0
DA:170,12
DA:171,23
DA:172,2
DA:173,18
DA:174,8
DA:176,0
DA:177,0
DA:180,0
DA:183,8
DA:184,10
DA:185,10
DA:192,2
DA:194,1
DA:195,1
DA:200,1
DA:201,1
DA:203,0
DA:204,0
DA:205,0
DA:206,0
DA:207,0
DA:210,0
DA:211,0
DA:213,0
DA:215,1
DA:218,43
DA:221,43
DA:222,6
DA:223,3
DA:224,0
DA:228,3
DA:229,3
DA:232,3
DA:234,6
DA:237,43
DA:238,0
DA:239,0
DA:240,0
DA:242,0
DA:243,0
DA:244,0
DA:245,0
DA:246,0
DA:247,0
DA:248,0
DA:256,43
DA:257,43
DA:258,43
DA:261,43
DA:262,8
DA:264,4
DA:270,4
DA:271,0
DA:273,4
DA:274,1
DA:276,4
DA:277,1
DA:280,0
DA:283,4
DA:286,43
DA:287,43
DA:290,43
DA:291,0
DA:292,0
DA:293,0
DA:294,0
DA:296,0
DA:297,0
DA:299,0
DA:300,0
DA:302,0
DA:307,0
DA:308,0
DA:309,0
DA:312,0
DA:314,0
DA:317,43
DA:318,1
DA:322,1
DA:323,1
DA:324,1
DA:326,0
DA:327,0
DA:335,0
DA:339,0
DA:342,0
DA:343,0
DA:344,0
DA:345,0
DA:346,0
DA:347,0
DA:348,0
DA:349,0
DA:350,0
DA:352,0
DA:356,0
DA:357,0
DA:362,0
DA:368,0
DA:371,0
DA:373,0
DA:374,0
DA:375,0
DA:378,0
DA:381,0
DA:382,0
DA:383,0
DA:388,1
DA:391,2
DA:396,1
DA:399,1
DA:400,1
DA:402,2
DA:403,1
DA:404,1
DA:405,1
DA:406,1
DA:407,2
DA:408,0
DA:409,0
DA:411,0
DA:412,0
DA:417,0
DA:418,0
DA:423,2
DA:425,1
DA:426,1
DA:430,0
DA:431,0
DA:432,0
DA:435,1
DA:436,1
DA:440,1
DA:445,2
DA:446,2
DA:449,0
DA:453,43
DA:454,0
DA:455,0
DA:458,0
DA:459,0
DA:462,0
DA:464,0
DA:468,43
DA:469,0
DA:470,0
DA:473,0
DA:474,0
DA:477,0
DA:479,0
DA:483,43
DA:485,0
DA:486,0
DA:490,0
DA:492,0
DA:495,0
DA:497,0
DA:498,0
DA:501,0
DA:502,0
DA:503,0
DA:504,0
DA:505,0
DA:507,0
DA:508,0
DA:513,0
DA:514,0
DA:519,0
DA:521,0
DA:524,0
DA:525,0
DA:530,0
DA:538,0
DA:541,0
DA:543,0
DA:544,0
DA:546,0
DA:547,0
DA:550,0
DA:553,0
DA:554,0
DA:557,0
DA:560,43
DA:561,0
DA:562,0
DA:563,0
DA:566,0
DA:569,43
DA:570,0
DA:571,0
DA:574,0
DA:577,43
DA:578,0
DA:579,0
DA:581,0
DA:584,0
DA:585,0
DA:589,43
DA:591,0
DA:592,0
DA:595,0
DA:596,0
DA:599,0
DA:600,0
DA:602,0
DA:604,0
DA:608,43
DA:609,0
DA:610,0
DA:611,0
DA:614,0
DA:621,0
DA:622,0
DA:627,43
DA:628,1
DA:632,1
DA:634,2
DA:635,1
DA:636,0
DA:638,1
DA:639,1
DA:641,0
DA:647,43
DA:648,0
DA:655,0
DA:657,0
DA:658,0
DA:659,0
DA:663,0
DA:664,0
DA:666,0
DA:672,43
DA:673,0
DA:674,0
DA:676,0
DA:677,0
DA:685,0
DA:689,0
DA:690,0
DA:691,0
DA:692,0
DA:693,0
DA:695,0
DA:699,43
DA:701,0
DA:702,0
DA:703,0
DA:704,0
DA:705,0
DA:707,0
DA:711,43
DA:713,0
DA:714,0
DA:716,0
DA:723,0
DA:724,0
DA:725,0
DA:728,0
DA:729,0
DA:730,0
DA:733,0
DA:734,0
DA:735,0
DA:738,0
DA:739,0
DA:744,0
DA:745,0
DA:750,0
DA:756,43
DA:757,0
DA:759,0
DA:760,0
DA:761,0
DA:762,0
DA:763,0
DA:764,0
DA:765,0
DA:767,0
DA:768,0
DA:776,0
DA:780,0
DA:785,0
DA:786,0
DA:789,0
DA:791,0
DA:792,0
DA:794,0
DA:795,0
DA:798,0
DA:799,0
DA:800,0
DA:801,0
DA:804,0
DA:807,0
DA:810,0
DA:811,0
DA:812,0
DA:814,0
DA:815,0
DA:824,0
DA:827,0
DA:828,0
DA:834,0
DA:841,0
DA:845,43
DA:846,0
DA:849,43
DA:850,0
DA:854,0
DA:858,43
DA:859,0
DA:864,0
DA:865,0
DA:866,0
DA:876,0
DA:881,43
DA:882,0
DA:883,0
DA:885,0
DA:886,0
DA:887,0
DA:888,0
DA:889,0
DA:890,0
DA:891,0
DA:892,0
DA:893,0
DA:894,0
DA:899,0
DA:903,0
DA:907,43
LF:420
LH:164
BRDA:39,0,0,1
BRDA:39,0,1,1
BRDA:42,1,0,0
BRDA:45,2,0,0
BRDA:87,3,0,43
BRDA:87,3,1,39
BRDA:92,4,0,5
BRDA:92,5,0,5
BRDA:96,6,0,2
BRDA:99,7,0,5
BRDA:102,8,0,4
BRDA:106,9,0,0
BRDA:106,9,1,1
BRDA:106,10,0,1
BRDA:106,10,1,1
BRDA:107,11,0,1
BRDA:111,12,0,0
BRDA:111,12,1,0
BRDA:112,13,0,0
BRDA:112,14,0,0
BRDA:112,14,1,0
BRDA:135,15,0,0
BRDA:136,16,0,1
BRDA:136,16,1,1
BRDA:138,17,0,0
BRDA:138,18,0,1
BRDA:138,18,1,1
BRDA:142,19,0,1
BRDA:142,19,1,1
BRDA:142,20,0,0
BRDA:142,20,1,1
BRDA:142,21,0,1
BRDA:142,21,1,1
BRDA:143,22,0,1
BRDA:159,23,0,0
BRDA:159,24,0,1
BRDA:159,24,1,1
BRDA:162,25,0,0
BRDA:162,25,1,0
BRDA:183,26,0,4
BRDA:171,27,0,11
BRDA:173,28,0,7
BRDA:173,29,0,11
BRDA:173,29,1,10
BRDA:174,30,0,4
BRDA:174,31,0,4
BRDA:174,31,1,3
BRDA:174,31,2,0
BRDA:174,31,3,0
BRDA:177,32,0,0
BRDA:177,32,1,0
BRDA:200,33,0,1
BRDA:200,33,1,0
BRDA:201,34,0,1
BRDA:201,34,1,0
BRDA:223,35,0,0
BRDA:223,35,1,3
BRDA:228,36,0,3
BRDA:228,37,0,3
BRDA:228,37,1,3
BRDA:239,38,0,0
BRDA:239,38,1,0
BRDA:239,39,0,0
BRDA:239,39,1,0
BRDA:239,40,0,0
BRDA:239,40,1,0
BRDA:270,41,0,0
BRDA:273,42,0,1
BRDA:276,43,0,1
BRDA:286,44,0,43
BRDA:286,44,1,0
BRDA:287,45,0,43
BRDA:287,45,1,0
BRDA:312,46,0,0
BRDA:312,46,1,0
BRDA:291,47,0,0
BRDA:293,48,0,0
BRDA:293,49,0,0
BRDA:293,49,1,0
BRDA:296,50,0,0
BRDA:296,51,0,0
BRDA:296,51,1,0
BRDA:296,51,2,0
BRDA:297,52,0,0
BRDA:300,53,0,0
BRDA:300,53,1,0
BRDA:308,54,0,0
BRDA:308,55,0,0
BRDA:308,55,1,0
BRDA:308,55,2,0
BRDA:381,56,0,0
BRDA:322,57,0,0
BRDA:323,58,0,0
BRDA:326,59,0,0
BRDA:326,60,0,0
BRDA:326,60,1,0
BRDA:326,60,2,0
BRDA:326,61,0,0
BRDA:326,61,1,0
BRDA:326,62,0,0
BRDA:326,62,1,0
BRDA:326,63,0,0
BRDA:326,63,1,0
BRDA:326,64,0,0
BRDA:326,64,1,0
BRDA:342,65,0,0
BRDA:346,66,0,0
BRDA:346,66,1,0
BRDA:346,67,0,0
BRDA:346,67,1,0
BRDA:346,68,0,0
BRDA:346,68,1,0
BRDA:347,69,0,0
BRDA:347,69,1,0
BRDA:347,70,0,0
BRDA:347,70,1,0
BRDA:347,71,0,0
BRDA:347,71,1,0
BRDA:348,72,0,0
BRDA:348,73,0,0
BRDA:348,73,1,0
BRDA:349,74,0,0
BRDA:356,75,0,0
BRDA:360,76,0,0
BRDA:360,76,1,0
BRDA:371,77,0,0
BRDA:375,78,0,0
BRDA:375,79,0,0
BRDA:375,79,1,0
BRDA:375,80,0,0
BRDA:375,80,1,0
BRDA:375,81,0,0
BRDA:375,81,1,0
BRDA:375,82,0,0
BRDA:375,82,1,0
BRDA:375,83,0,0
BRDA:375,83,1,0
BRDA:388,84,0,0
BRDA:399,85,0,0
BRDA:403,86,0,0
BRDA:403,87,0,1
BRDA:403,87,1,0
BRDA:403,88,0,0
BRDA:403,88,1,1
BRDA:403,89,0,1
BRDA:403,89,1,1
BRDA:403,90,0,0
BRDA:403,90,1,0
BRDA:403,91,0,0
BRDA:403,91,1,0
BRDA:417,92,0,0
BRDA:406,93,0,0
BRDA:408,94,0,0
BRDA:408,95,0,0
BRDA:408,95,1,0
BRDA:409,96,0,0
BRDA:409,97,0,0
BRDA:409,97,1,0
BRDA:409,97,2,0
BRDA:409,97,3,0
BRDA:412,98,0,0
BRDA:412,98,1,0
BRDA:418,99,0,0
BRDA:431,100,0,0
BRDA:431,100,1,0
BRDA:432,101,0,0
BRDA:432,101,1,0
BRDA:435,102,0,1
BRDA:435,102,1,1
BRDA:436,103,0,1
BRDA:436,103,1,0
BRDA:436,104,0,1
BRDA:436,104,1,1
BRDA:440,105,0,0
BRDA:440,105,1,0
BRDA:454,106,0,0
BRDA:469,107,0,0
BRDA:530,108,0,0
BRDA:530,108,1,0
BRDA:490,109,0,0
BRDA:490,109,1,0
BRDA:495,110,0,0
BRDA:513,111,0,0
BRDA:502,112,0,0
BRDA:504,113,0,0
BRDA:504,114,0,0
BRDA:504,114,1,0
BRDA:505,115,0,0
BRDA:505,116,0,0
BRDA:505,116,1,0
BRDA:505,116,2,0
BRDA:505,116,3,0
BRDA:508,117,0,0
BRDA:508,117,1,0
BRDA:514,118,0,0
BRDA:524,119,0,0
BRDA:543,120,0,0
BRDA:553,121,0,0
BRDA:562,122,0,0
BRDA:570,123,0,0
BRDA:570,124,0,0
BRDA:570,124,1,0
BRDA:570,125,0,0
BRDA:570,125,1,0
BRDA:581,126,0,0
BRDA:578,127,0,0
BRDA:584,128,0,0
BRDA:584,129,0,0
BRDA:584,129,1,0
BRDA:584,130,0,0
BRDA:584,130,1,0
BRDA:596,131,0,0
BRDA:596,131,1,0
BRDA:599,132,0,0
BRDA:599,133,0,0
BRDA:599,133,1,0
BRDA:602,134,0,0
BRDA:602,134,1,0
BRDA:609,135,0,0
BRDA:609,136,0,0
BRDA:609,136,1,0
BRDA:622,137,0,0
BRDA:635,138,0,0
BRDA:635,139,0,1
BRDA:635,139,1,0
BRDA:635,140,0,1
BRDA:635,140,1,0
BRDA:639,141,0,1
BRDA:639,141,1,0
BRDA:659,142,0,0
BRDA:659,142,1,0
BRDA:676,143,0,0
BRDA:693,144,0,0
BRDA:693,144,1,0
BRDA:702,145,0,0
BRDA:702,145,1,0
BRDA:702,146,0,0
BRDA:702,146,1,0
BRDA:705,147,0,0
BRDA:705,147,1,0
BRDA:714,148,0,0
BRDA:714,148,1,0
BRDA:724,149,0,0
BRDA:728,150,0,0
BRDA:728,151,0,0
BRDA:728,151,1,0
BRDA:733,152,0,0
BRDA:733,153,0,0
BRDA:733,153,1,0
BRDA:733,153,2,0
BRDA:738,154,0,0
BRDA:738,155,0,0
BRDA:738,155,1,0
BRDA:750,156,0,0
BRDA:757,157,0,0
BRDA:798,158,0,0
BRDA:762,159,0,0
BRDA:762,159,1,0
BRDA:762,160,0,0
BRDA:762,160,1,0
BRDA:763,161,0,0
BRDA:763,161,1,0
BRDA:767,162,0,0
BRDA:767,163,0,0
BRDA:767,163,1,0
BRDA:785,164,0,0
BRDA:785,165,0,0
BRDA:785,165,1,0
BRDA:792,166,0,0
BRDA:792,166,1,0
BRDA:792,166,2,0
BRDA:794,167,0,0
BRDA:801,168,0,0
BRDA:801,168,1,0
BRDA:812,169,0,0
BRDA:812,169,1,0
BRDA:814,170,0,0
BRDA:814,170,1,0
BRDA:834,171,0,0
BRDA:885,172,0,0
BRDA:885,173,0,0
BRDA:885,173,1,0
BRDA:887,174,0,0
BRDA:887,174,1,0
BRDA:887,175,0,0
BRDA:887,175,1,0
BRDA:887,175,2,0
BRDA:889,176,0,0
BRDA:889,177,0,0
BRDA:889,177,1,0
BRDA:890,178,0,0
BRDA:890,178,1,0
BRDA:891,179,0,0
BRDA:891,179,1,0
BRDA:893,180,0,0
BRF:295
BRH:55
end_of_record
TN:
SF:src/javascript/osgiConfigManager/App/hooks/useProperties.ts
FN:5,(anonymous_3)
FN:11,(anonymous_4)
FN:12,(anonymous_5)
FN:15,(anonymous_6)
FN:19,(anonymous_7)
FN:32,(anonymous_8)
FN:35,(anonymous_9)
FN:36,(anonymous_10)
FN:46,(anonymous_11)
FN:49,(anonymous_12)
FN:67,(anonymous_13)
FN:73,(anonymous_14)
FN:74,(anonymous_15)
FN:77,(anonymous_16)
FN:93,(anonymous_17)
FN:94,(anonymous_18)
FN:105,(anonymous_19)
FN:106,(anonymous_20)
FN:114,(anonymous_21)
FN:119,(anonymous_22)
FN:125,(anonymous_23)
FNF:21
FNH:2
FNDA:43,(anonymous_3)
FNDA:0,(anonymous_4)
FNDA:0,(anonymous_5)
FNDA:0,(anonymous_6)
FNDA:0,(anonymous_7)
FNDA:0,(anonymous_8)
FNDA:0,(anonymous_9)
FNDA:0,(anonymous_10)
FNDA:0,(anonymous_11)
FNDA:0,(anonymous_12)
FNDA:0,(anonymous_13)
FNDA:0,(anonymous_14)
FNDA:0,(anonymous_15)
FNDA:0,(anonymous_16)
FNDA:0,(anonymous_17)
FNDA:0,(anonymous_18)
FNDA:0,(anonymous_19)
FNDA:0,(anonymous_20)
FNDA:2,(anonymous_21)
FNDA:0,(anonymous_22)
FNDA:0,(anonymous_23)
DA:1,1
DA:2,1
DA:3,1
DA:5,1
DA:6,43
DA:7,43
DA:8,43
DA:11,43
DA:12,0
DA:15,43
DA:16,0
DA:19,43
DA:20,0
DA:22,0
DA:23,0
DA:24,0
DA:27,0
DA:28,0
DA:29,0
DA:32,0
DA:35,43
DA:36,0
DA:37,0
DA:38,0
DA:39,0
DA:41,0
DA:42,0
DA:46,43
DA:47,0
DA:49,0
DA:50,0
DA:51,0
DA:52,0
DA:53,0
DA:55,0
DA:58,0
DA:59,0
DA:60,0
DA:61,0
DA:63,0
DA:64,0
DA:65,0
DA:67,0
DA:69,0
DA:73,43
DA:74,0
DA:75,0
DA:76,0
DA:77,0
DA:78,0
DA:81,0
DA:82,0
DA:83,0
DA:85,0
DA:87,0
DA:89,0
DA:93,43
DA:94,0
DA:95,0
DA:96,0
DA:97,0
DA:98,0
DA:99,0
DA:101,0
DA:105,43
DA:106,0
DA:107,0
DA:108,0
DA:109,0
DA:110,0
DA:114,43
DA:115,2
DA:116,2
DA:119,43
DA:123,0
DA:125,0
DA:126,0
DA:131,43
LF:78
LH:20
BRDA:20,0,0,0
BRDA:24,1,0,0
BRDA:24,1,1,0
BRDA:24,2,0,0
BRDA:24,2,1,0
BRDA:27,3,0,0
BRDA:27,4,0,0
BRDA:27,4,1,0
BRDA:41,5,0,0
BRDA:41,5,1,0
BRDA:42,6,0,0
BRDA:42,6,1,0
BRDA:50,7,0,0
BRDA:52,8,0,0
BRDA:65,9,0,0
BRDA:75,10,0,0
BRDA:82,11,0,0
BRDA:82,11,1,0
BRDA:82,12,0,0
BRDA:82,12,1,0
BRDA:82,12,2,0
BRDA:95,13,0,0
BRDA:108,14,0,0
BRDA:108,14,1,0
BRF:24
BRH:0
end_of_record
TN:
SF:src/javascript/osgiConfigManager/App/utils/configUtils.ts
FN:22,(anonymous_16)
FN:26,(anonymous_17)
FN:33,(anonymous_18)
FN:54,(anonymous_19)
FN:54,(anonymous_20)
FN:61,(anonymous_22)
FN:79,(anonymous_23)
FN:90,(anonymous_24)
FN:100,(anonymous_25)
FN:196,(anonymous_26)
FN:269,(anonymous_27)
FN:272,(anonymous_28)
FN:298,(anonymous_29)
FN:322,(anonymous_30)
FN:326,(anonymous_31)
FNF:15
FNH:3
FNDA:0,(anonymous_16)
FNDA:0,(anonymous_17)
FNDA:0,(anonymous_18)
FNDA:0,(anonymous_19)
FNDA:0,(anonymous_20)
FNDA:0,(anonymous_22)
FNDA:6,(anonymous_23)
FNDA:9,(anonymous_24)
FNDA:6,(anonymous_25)
FNDA:0,(anonymous_26)
FNDA:0,(anonymous_27)
FNDA:0,(anonymous_28)
FNDA:0,(anonymous_29)
FNDA:0,(anonymous_30)
FNDA:0,(anonymous_31)
DA:22,2
DA:23,0
DA:25,0
DA:26,0
DA:29,0
DA:30,0
DA:33,0
DA:34,0
DA:36,0
DA:40,0
DA:42,0
DA:44,0
DA:54,2
DA:56,0
DA:57,0
DA:60,0
DA:61,0
DA:64,0
DA:67,0
DA:70,0
DA:71,0
DA:72,0
DA:73,0
DA:76,0
DA:79,2
DA:80,6
DA:81,6
DA:82,1
DA:85,6
DA:86,6
DA:87,6
DA:90,6
DA:91,9
DA:92,9
DA:93,9
DA:94,3
DA:95,3
DA:97,9
DA:100,6
DA:104,6
DA:105,6
DA:106,6
DA:108,6
DA:109,0
DA:110,6
DA:111,5
DA:113,1
DA:116,6
DA:117,6
DA:118,6
DA:119,6
DA:121,6
DA:122,0
DA:125,6
DA:134,0
DA:137,6
DA:138,11
DA:139,11
DA:144,11
DA:145,2
DA:149,2
DA:152,9
DA:153,0
DA:154,0
DA:158,9
DA:164,3
DA:166,6
DA:170,9
DA:172,9
DA:173,3
DA:175,3
DA:177,6
DA:179,6
DA:180,6
DA:185,6
DA:186,0
DA:189,6
DA:196,2
DA:197,0
DA:199,0
DA:201,0
DA:202,0
DA:203,0
DA:204,0
DA:211,0
DA:212,0
DA:213,0
DA:216,0
DA:219,0
DA:220,0
DA:224,0
DA:225,0
DA:228,0
DA:238,0
DA:239,0
DA:240,0
DA:244,0
DA:245,0
DA:248,0
DA:252,0
DA:253,0
DA:255,0
DA:256,0
DA:259,0
DA:269,2
DA:270,0
DA:271,0
DA:272,0
DA:273,0
DA:274,0
DA:276,0
DA:280,0
DA:282,0
DA:283,0
DA:284,0
DA:285,0
DA:287,0
DA:289,0
DA:292,0
DA:296,0
DA:298,0
DA:299,0
DA:300,0
DA:302,0
DA:303,0
DA:304,0
DA:305,0
DA:307,0
DA:308,0
DA:311,0
DA:312,0
DA:313,0
DA:315,0
DA:318,0
DA:321,0
DA:322,0
DA:323,0
DA:326,2
DA:327,0
DA:328,0
DA:329,0
DA:331,0
DA:332,0
DA:334,0
DA:335,0
DA:336,0
DA:337,0
DA:339,0
DA:342,0
DA:343,0
DA:344,0
DA:345,0
DA:346,0
DA:347,0
DA:348,0
DA:350,0
DA:353,0
LF:157
LH:52
BRDA:23,0,0,0
BRDA:23,1,0,0
BRDA:23,1,1,0
BRDA:25,2,0,0
BRDA:29,3,0,0
BRDA:76,4,0,0
BRDA:56,5,0,0
BRDA:56,6,0,0
BRDA:56,6,1,0
BRDA:60,7,0,0
BRDA:64,8,0,0
BRDA:67,9,0,0
BRDA:67,9,1,0
BRDA:71,10,0,0
BRDA:72,11,0,0
BRDA:81,12,0,1
BRDA:81,13,0,6
BRDA:81,13,1,6
BRDA:93,14,0,12
BRDA:93,14,1,12
BRDA:108,15,0,0
BRDA:108,15,1,6
BRDA:108,16,0,6
BRDA:108,16,1,5
BRDA:110,17,0,5
BRDA:110,17,1,1
BRDA:116,18,0,6
BRDA:121,19,0,0
BRDA:144,20,0,2
BRDA:144,21,0,11
BRDA:144,21,1,10
BRDA:152,22,0,0
BRDA:158,23,0,3
BRDA:158,23,1,6
BRDA:172,24,0,3
BRDA:172,24,1,6
BRDA:185,25,0,0
BRDA:185,26,0,6
BRDA:185,26,1,0
BRDA:196,27,0,0
BRDA:199,28,0,0
BRDA:201,29,0,0
BRDA:203,30,0,0
BRDA:203,30,1,0
BRDA:207,31,0,0
BRDA:207,31,1,0
BRDA:207,32,0,0
BRDA:207,32,1,0
BRDA:207,33,0,0
BRDA:207,33,1,0
BRDA:207,34,0,0
BRDA:207,34,1,0
BRDA:211,35,0,0
BRDA:211,36,0,0
BRDA:211,36,1,0
BRDA:211,36,2,0
BRDA:220,37,0,0
BRDA:220,37,1,0
BRDA:224,38,0,0
BRDA:224,39,0,0
BRDA:224,39,1,0
BRDA:233,40,0,0
BRDA:233,40,1,0
BRDA:233,41,0,0
BRDA:233,41,1,0
BRDA:233,42,0,0
BRDA:233,42,1,0
BRDA:233,43,0,0
BRDA:233,43,1,0
BRDA:238,44,0,0
BRDA:238,45,0,0
BRDA:238,45,1,0
BRDA:238,45,2,0
BRDA:244,46,0,0
BRDA:244,47,0,0
BRDA:244,47,1,0
BRDA:244,47,2,0
BRDA:252,48,0,0
BRDA:255,49,0,0
BRDA:255,49,1,0
BRDA:255,50,0,0
BRDA:255,50,1,0
BRDA:261,51,0,0
BRDA:261,51,1,0
BRDA:261,52,0,0
BRDA:261,52,1,0
BRDA:270,53,0,0
BRDA:271,54,0,0
BRDA:273,55,0,0
BRDA:273,55,1,0
BRDA:273,56,0,0
BRDA:273,56,1,0
BRDA:273,57,0,0
BRDA:273,57,1,0
BRDA:274,58,0,0
BRDA:274,58,1,0
BRDA:274,59,0,0
BRDA:274,59,1,0
BRDA:274,60,0,0
BRDA:274,60,1,0
BRDA:276,61,0,0
BRDA:276,61,1,0
BRDA:276,62,0,0
BRDA:276,62,1,0
BRDA:276,63,0,0
BRDA:276,63,1,0
BRDA:276,64,0,0
BRDA:276,64,1,0
BRDA:280,65,0,0
BRDA:280,66,0,0
BRDA:280,66,1,0
BRDA:282,67,0,0
BRDA:283,68,0,0
BRDA:284,69,0,0
BRDA:284,69,1,0
BRDA:285,70,0,0
BRDA:285,70,1,0
BRDA:287,71,0,0
BRDA:298,72,0,0
BRDA:300,73,0,0
BRDA:300,73,1,0
BRDA:303,74,0,0
BRDA:305,75,0,0
BRDA:305,75,1,0
BRDA:307,76,0,0
BRDA:307,76,1,0
BRDA:307,77,0,0
BRDA:307,77,1,0
BRDA:307,77,2,0
BRDA:312,78,0,0
BRDA:312,79,0,0
BRDA:312,79,1,0
BRDA:312,79,2,0
BRDA:327,80,0,0
BRDA:328,81,0,0
BRDA:328,82,0,0
BRDA:328,82,1,0
BRDA:328,82,2,0
BRDA:328,82,3,0
BRDA:329,83,0,0
BRDA:331,84,0,0
BRDA:331,85,0,0
BRDA:331,85,1,0
BRDA:332,86,0,0
BRDA:332,87,0,0
BRDA:332,87,1,0
BRDA:334,88,0,0
BRDA:334,89,0,0
BRDA:334,89,1,0
BRDA:335,90,0,0
BRDA:337,91,0,0
BRDA:342,92,0,0
BRDA:342,93,0,0
BRDA:342,93,1,0
BRDA:342,93,2,0
BRDA:345,94,0,0
BRDA:347,95,0,0
BRDA:348,96,0,0
BRF:158
BRH:19
end_of_record
TN:
SF:src/javascript/osgiConfigManager/App/utils/metatypeUtils.js
FN:1,(anonymous_0)
FN:6,(anonymous_1)
FN:8,(anonymous_2)
FN:19,(anonymous_3)
FN:26,(anonymous_4)
FN:28,(anonymous_5)
FN:31,(anonymous_6)
FN:37,(anonymous_7)
FN:44,(anonymous_8)
FN:52,(anonymous_9)
FN:88,(anonymous_10)
FN:95,(anonymous_11)
FNF:12
FNH:6
FNDA:0,(anonymous_0)
FNDA:0,(anonymous_1)
FNDA:4,(anonymous_2)
FNDA:4,(anonymous_3)
FNDA:20,(anonymous_4)
FNDA:13,(anonymous_5)
FNDA:3,(anonymous_6)
FNDA:3,(anonymous_7)
FNDA:0,(anonymous_8)
FNDA:0,(anonymous_9)
FNDA:0,(anonymous_10)
FNDA:0,(anonymous_11)
DA:1,2
DA:2,0
DA:3,0
DA:6,2
DA:8,2
DA:9,4
DA:10,4
DA:11,0
DA:14,4
DA:20,4
DA:21,4
DA:26,20
DA:28,13
DA:31,2
DA:32,3
DA:33,3
DA:34,0
DA:37,3
DA:38,3
DA:39,3
DA:40,3
DA:44,2
DA:45,0
DA:46,0
DA:49,0
DA:52,2
DA:53,0
DA:54,0
DA:56,0
DA:57,0
DA:59,0
DA:60,0
DA:61,0
DA:62,0
DA:66,0
DA:67,0
DA:70,0
DA:71,0
DA:72,0
DA:74,0
DA:76,0
DA:77,0
DA:78,0
DA:81,0
DA:82,0
DA:85,0
DA:86,0
DA:88,0
DA:92,0
DA:95,2
DA:96,0
DA:97,0
DA:98,0
DA:101,0
DA:102,0
DA:105,0
LF:56
LH:20
BRDA:2,0,0,0
BRDA:2,0,1,0
BRDA:6,1,0,0
BRDA:6,1,1,0
BRDA:6,1,2,0
BRDA:9,2,0,4
BRDA:9,2,1,0
BRDA:10,3,0,0
BRDA:10,3,1,4
BRDA:17,4,0,4
BRDA:17,4,1,0
BRDA:18,5,0,4
BRDA:18,5,1,0
BRDA:32,6,0,3
BRDA:32,6,1,0
BRDA:33,7,0,0
BRDA:33,7,1,3
BRDA:33,8,0,3
BRDA:33,8,1,3
BRDA:37,9,0,3
BRDA:37,9,1,1
BRDA:38,10,0,3
BRDA:38,10,1,0
BRDA:39,11,0,3
BRDA:39,11,1,0
BRDA:40,12,0,3
BRDA:40,12,1,2
BRDA:45,13,0,0
BRDA:45,13,1,0
BRDA:52,14,0,0
BRDA:53,15,0,0
BRDA:56,16,0,0
BRDA:56,16,1,0
BRDA:59,17,0,0
BRDA:59,17,1,0
BRDA:59,18,0,0
BRDA:59,18,1,0
BRDA:59,18,2,0
BRDA:61,19,0,0
BRDA:61,19,1,0
BRDA:66,20,0,0
BRDA:66,20,1,0
BRDA:71,21,0,0
BRDA:71,21,1,0
BRDA:74,22,0,0
BRDA:74,22,1,0
BRDA:77,23,0,0
BRDA:77,23,1,0
BRDA:81,24,0,0
BRDA:81,24,1,0
BRDA:85,25,0,0
BRDA:85,25,1,0
BRDA:85,26,0,0
BRDA:85,26,1,0
BRDA:88,27,0,0
BRDA:88,27,1,0
BRDA:88,28,0,0
BRDA:88,28,1,0
BRDA:97,29,0,0
BRDA:97,29,1,0
BRDA:101,30,0,0
BRDA:101,30,1,0
BRDA:101,31,0,0
BRDA:101,31,1,0
BRDA:102,32,0,0
BRDA:102,32,1,0
BRF:66
BRH:14
end_of_record
